
*** Running vivado
    with args -log butterfly.vdi -applog -m64 -product Vivado -messageDb vivado.pb -mode batch -source butterfly.tcl -notrace



****** Vivado v2022.2 (64-bit)
  **** SW Build 3671981 on Fri Oct 14 05:00:03 MDT 2022
  **** IP Build 3669848 on Fri Oct 14 08:30:02 MDT 2022
    ** Copyright 1986-2022 Xilinx, Inc. All Rights Reserved.

source butterfly.tcl -notrace
Command: link_design -top butterfly -part xcau25p-sfvb784-2-e
Design is defaulting to srcset: sources_1
Design is defaulting to constrset: constrs_1
INFO: [Device 21-403] Loading part xcau25p-sfvb784-2-e
INFO: [Project 1-454] Reading design checkpoint 'd:/STUDY/Hardware implementation of CRYSTALS-Dlithium/Kyber/code/BU/BU.gen/sources_1/ip/MULT3/MULT3.dcp' for cell 'iMULT31'
INFO: [Project 1-454] Reading design checkpoint 'd:/STUDY/Hardware implementation of CRYSTALS-Dlithium/Kyber/code/BU/BU.gen/sources_1/ip/MULT6/MULT6.dcp' for cell 'ibarrett/iMULT62'
Netlist sorting complete. Time (s): cpu = 00:00:00 ; elapsed = 00:00:00.020 . Memory (MB): peak = 1494.781 ; gain = 0.000
INFO: [Netlist 29-17] Analyzing 65 Unisim elements for replacement
INFO: [Netlist 29-28] Unisim Transformation completed in 0 CPU seconds
INFO: [Project 1-479] Netlist was created with Vivado 2022.2
INFO: [Project 1-570] Preparing netlist for logic optimization
Parsing XDC File [D:/STUDY/Hardware implementation of CRYSTALS-Dlithium/Kyber/code/BU/BU.srcs/constrs_1/new/428.xdc]
Finished Parsing XDC File [D:/STUDY/Hardware implementation of CRYSTALS-Dlithium/Kyber/code/BU/BU.srcs/constrs_1/new/428.xdc]
INFO: [Opt 31-138] Pushed 0 inverter(s) to 0 load pin(s).
Netlist sorting complete. Time (s): cpu = 00:00:00 ; elapsed = 00:00:00.001 . Memory (MB): peak = 1617.016 ; gain = 0.000
INFO: [Project 1-111] Unisim Transformation Summary:
  A total of 60 instances were transformed.
  DSP48E2 => DSP48E2 (DSP_ALU, DSP_A_B_DATA, DSP_C_DATA, DSP_MULTIPLIER, DSP_M_DATA, DSP_OUTPUT, DSP_PREADD, DSP_PREADD_DATA): 9 instances
  IBUF => IBUF (IBUFCTRL, INBUF): 51 instances

9 Infos, 0 Warnings, 0 Critical Warnings and 0 Errors encountered.
link_design completed successfully
INFO: [Common 17-600] The following parameters have non-default value.
tcl.statsThreshold
Command: opt_design
Attempting to get a license for feature 'Implementation' and/or device 'xcau25p'
INFO: [Common 17-349] Got license for feature 'Implementation' and/or device 'xcau25p'
Running DRC as a precondition to command opt_design

Starting DRC Task
INFO: [DRC 23-27] Running DRC with 2 threads
INFO: [Project 1-461] DRC finished with 0 Errors
INFO: [Project 1-462] Please refer to the DRC report (report_drc) for more information.

Time (s): cpu = 00:00:06 ; elapsed = 00:00:04 . Memory (MB): peak = 1647.930 ; gain = 30.914

Starting Cache Timing Information Task
INFO: [Timing 38-35] Done setting XDC timing constraints.
Ending Cache Timing Information Task | Checksum: 8e8bbe17

Time (s): cpu = 00:00:04 ; elapsed = 00:00:05 . Memory (MB): peak = 1903.215 ; gain = 255.285

Starting Logic Optimization Task

Phase 1 Retarget
INFO: [Opt 31-138] Pushed 0 inverter(s) to 0 load pin(s).
INFO: [Opt 31-49] Retargeted 0 cell(s).
Phase 1 Retarget | Checksum: 8e8bbe17

Time (s): cpu = 00:00:00 ; elapsed = 00:00:00.220 . Memory (MB): peak = 2233.883 ; gain = 0.000
INFO: [Opt 31-389] Phase Retarget created 0 cells and removed 0 cells

Phase 2 Constant propagation
INFO: [Opt 31-138] Pushed 0 inverter(s) to 0 load pin(s).
Phase 2 Constant propagation | Checksum: 125919d87

Time (s): cpu = 00:00:00 ; elapsed = 00:00:00.247 . Memory (MB): peak = 2233.883 ; gain = 0.000
INFO: [Opt 31-389] Phase Constant propagation created 0 cells and removed 0 cells

Phase 3 Sweep
Phase 3 Sweep | Checksum: aac6b818

Time (s): cpu = 00:00:00 ; elapsed = 00:00:00.372 . Memory (MB): peak = 2233.883 ; gain = 0.000
INFO: [Opt 31-389] Phase Sweep created 0 cells and removed 50 cells

Phase 4 BUFG optimization
INFO: [Opt 31-194] Inserted BUFG clk_IBUF_BUFG_inst to drive 29 load(s) on clock net clk_IBUF_inst/O
INFO: [Opt 31-193] Inserted 1 BUFG(s) on clock nets
INFO: [Opt 31-1077] Phase BUFG optimization inserted 0 global clock buffer(s) for CLOCK_LOW_FANOUT.
Phase 4 BUFG optimization | Checksum: 12b7a21cf

Time (s): cpu = 00:00:01 ; elapsed = 00:00:00.502 . Memory (MB): peak = 2233.883 ; gain = 0.000
INFO: [Opt 31-662] Phase BUFG optimization created 1 cells of which 1 are BUFGs and removed 0 cells.

Phase 5 Shift Register Optimization
INFO: [Opt 31-1064] SRL Remap converted 0 SRLs to 0 registers and converted 0 registers of register chains to 0 SRLs
Phase 5 Shift Register Optimization | Checksum: 12b7a21cf

Time (s): cpu = 00:00:01 ; elapsed = 00:00:00.505 . Memory (MB): peak = 2233.883 ; gain = 0.000
INFO: [Opt 31-389] Phase Shift Register Optimization created 0 cells and removed 0 cells

Phase 6 Post Processing Netlist
Phase 6 Post Processing Netlist | Checksum: 12b7a21cf

Time (s): cpu = 00:00:01 ; elapsed = 00:00:00.517 . Memory (MB): peak = 2233.883 ; gain = 0.000
INFO: [Opt 31-389] Phase Post Processing Netlist created 0 cells and removed 0 cells
Opt_design Change Summary
=========================


-------------------------------------------------------------------------------------------------------------------------
|  Phase                        |  #Cells created  |  #Cells Removed  |  #Constrained objects preventing optimizations  |
-------------------------------------------------------------------------------------------------------------------------
|  Retarget                     |               0  |               0  |                                              0  |
|  Constant propagation         |               0  |               0  |                                              0  |
|  Sweep                        |               0  |              50  |                                              0  |
|  BUFG optimization            |               1  |               0  |                                              0  |
|  Shift Register Optimization  |               0  |               0  |                                              0  |
|  Post Processing Netlist      |               0  |               0  |                                              0  |
-------------------------------------------------------------------------------------------------------------------------



Starting Connectivity Check Task

Time (s): cpu = 00:00:00 ; elapsed = 00:00:00.001 . Memory (MB): peak = 2233.883 ; gain = 0.000
Ending Logic Optimization Task | Checksum: 10756c8cb

Time (s): cpu = 00:00:01 ; elapsed = 00:00:00.561 . Memory (MB): peak = 2233.883 ; gain = 0.000

Starting Power Optimization Task
INFO: [Pwropt 34-132] Skipping clock gating for clocks with a period < 2.00 ns.
Ending Power Optimization Task | Checksum: 10756c8cb

Time (s): cpu = 00:00:00 ; elapsed = 00:00:00.030 . Memory (MB): peak = 2233.883 ; gain = 0.000

Starting Final Cleanup Task
Ending Final Cleanup Task | Checksum: 10756c8cb

Time (s): cpu = 00:00:00 ; elapsed = 00:00:00.001 . Memory (MB): peak = 2233.883 ; gain = 0.000

Starting Netlist Obfuscation Task
Netlist sorting complete. Time (s): cpu = 00:00:00 ; elapsed = 00:00:00 . Memory (MB): peak = 2233.883 ; gain = 0.000
Ending Netlist Obfuscation Task | Checksum: 10756c8cb

Time (s): cpu = 00:00:00 ; elapsed = 00:00:00.001 . Memory (MB): peak = 2233.883 ; gain = 0.000
INFO: [Common 17-83] Releasing license: Implementation
30 Infos, 0 Warnings, 0 Critical Warnings and 0 Errors encountered.
opt_design completed successfully
INFO: [Common 17-600] The following parameters have non-default value.
tcl.statsThreshold
INFO: [Timing 38-480] Writing timing data to binary archive.
INFO: [Common 17-1381] The checkpoint 'D:/STUDY/Hardware implementation of CRYSTALS-Dlithium/Kyber/code/BU/BU.runs/impl_1/butterfly_opt.dcp' has been generated.
INFO: [runtcl-4] Executing : report_drc -file butterfly_drc_opted.rpt -pb butterfly_drc_opted.pb -rpx butterfly_drc_opted.rpx
Command: report_drc -file butterfly_drc_opted.rpt -pb butterfly_drc_opted.pb -rpx butterfly_drc_opted.rpx
INFO: [IP_Flow 19-1839] IP Catalog is up to date.
INFO: [DRC 23-27] Running DRC with 2 threads
INFO: [Vivado_Tcl 2-168] The results of DRC are in file D:/STUDY/Hardware implementation of CRYSTALS-Dlithium/Kyber/code/BU/BU.runs/impl_1/butterfly_drc_opted.rpt.
report_drc completed successfully
Command: place_design
Attempting to get a license for feature 'Implementation' and/or device 'xcau25p'
INFO: [Common 17-349] Got license for feature 'Implementation' and/or device 'xcau25p'
INFO: [DRC 23-27] Running DRC with 2 threads
INFO: [Vivado_Tcl 4-198] DRC finished with 0 Errors
INFO: [Vivado_Tcl 4-199] Please refer to the DRC report (report_drc) for more information.
Running DRC as a precondition to command place_design
INFO: [DRC 23-27] Running DRC with 2 threads
INFO: [Vivado_Tcl 4-198] DRC finished with 0 Errors
INFO: [Vivado_Tcl 4-199] Please refer to the DRC report (report_drc) for more information.

Starting Placer Task
INFO: [Place 30-611] Multithreading enabled for place_design using a maximum of 2 CPUs

Phase 1 Placer Initialization

Phase 1.1 Placer Initialization Netlist Sorting
Netlist sorting complete. Time (s): cpu = 00:00:00 ; elapsed = 00:00:00.001 . Memory (MB): peak = 2249.820 ; gain = 0.000
Phase 1.1 Placer Initialization Netlist Sorting | Checksum: ffcafa2a

Time (s): cpu = 00:00:00 ; elapsed = 00:00:00.021 . Memory (MB): peak = 2249.820 ; gain = 0.000
Netlist sorting complete. Time (s): cpu = 00:00:00 ; elapsed = 00:00:00 . Memory (MB): peak = 2249.820 ; gain = 0.000

Phase 1.2 IO Placement/ Clock Placement/ Build Placer Device
INFO: [Timing 38-35] Done setting XDC timing constraints.
Phase 1.2 IO Placement/ Clock Placement/ Build Placer Device | Checksum: 1063efbd3

Time (s): cpu = 00:00:46 ; elapsed = 00:00:49 . Memory (MB): peak = 3490.219 ; gain = 1240.398

Phase 1.3 Build Placer Netlist Model
Phase 1.3 Build Placer Netlist Model | Checksum: 1ab2856d8

Time (s): cpu = 00:00:50 ; elapsed = 00:00:53 . Memory (MB): peak = 3490.219 ; gain = 1240.398

Phase 1.4 Constrain Clocks/Macros
Phase 1.4 Constrain Clocks/Macros | Checksum: 1ab2856d8

Time (s): cpu = 00:00:50 ; elapsed = 00:00:53 . Memory (MB): peak = 3490.219 ; gain = 1240.398
Phase 1 Placer Initialization | Checksum: 1ab2856d8

Time (s): cpu = 00:00:50 ; elapsed = 00:00:53 . Memory (MB): peak = 3490.219 ; gain = 1240.398

Phase 2 Global Placement

Phase 2.1 Floorplanning

Phase 2.1.1 Partition Driven Placement

Phase 2.1.1.1 PBP: Partition Driven Placement
Phase 2.1.1.1 PBP: Partition Driven Placement | Checksum: 1dec04ce5

Time (s): cpu = 00:00:51 ; elapsed = 00:00:53 . Memory (MB): peak = 3490.219 ; gain = 1240.398

Phase 2.1.1.2 PBP: Clock Region Placement
Phase 2.1.1.2 PBP: Clock Region Placement | Checksum: 19d4294aa

Time (s): cpu = 00:00:51 ; elapsed = 00:00:54 . Memory (MB): peak = 3490.219 ; gain = 1240.398

Phase 2.1.1.3 PBP: Compute Congestion
Phase 2.1.1.3 PBP: Compute Congestion | Checksum: 19d4294aa

Time (s): cpu = 00:00:51 ; elapsed = 00:00:54 . Memory (MB): peak = 3490.219 ; gain = 1240.398

Phase 2.1.1.4 PBP: UpdateTiming
Phase 2.1.1.4 PBP: UpdateTiming | Checksum: 1444ccc1a

Time (s): cpu = 00:00:51 ; elapsed = 00:00:54 . Memory (MB): peak = 3490.219 ; gain = 1240.398

Phase 2.1.1.5 PBP: Add part constraints
Phase 2.1.1.5 PBP: Add part constraints | Checksum: 1444ccc1a

Time (s): cpu = 00:00:51 ; elapsed = 00:00:54 . Memory (MB): peak = 3490.219 ; gain = 1240.398
Phase 2.1.1 Partition Driven Placement | Checksum: 1444ccc1a

Time (s): cpu = 00:00:51 ; elapsed = 00:00:54 . Memory (MB): peak = 3490.219 ; gain = 1240.398
Phase 2.1 Floorplanning | Checksum: 1444ccc1a

Time (s): cpu = 00:00:51 ; elapsed = 00:00:54 . Memory (MB): peak = 3490.219 ; gain = 1240.398

Phase 2.2 Update Timing before SLR Path Opt
Phase 2.2 Update Timing before SLR Path Opt | Checksum: 1444ccc1a

Time (s): cpu = 00:00:51 ; elapsed = 00:00:54 . Memory (MB): peak = 3490.219 ; gain = 1240.398

Phase 2.3 Post-Processing in Floorplanning
Phase 2.3 Post-Processing in Floorplanning | Checksum: 1444ccc1a

Time (s): cpu = 00:00:51 ; elapsed = 00:00:54 . Memory (MB): peak = 3490.219 ; gain = 1240.398

Phase 2.4 Global Placement Core

Phase 2.4.1 UpdateTiming Before Physical Synthesis
Phase 2.4.1 UpdateTiming Before Physical Synthesis | Checksum: 201ced295

Time (s): cpu = 00:00:58 ; elapsed = 00:00:59 . Memory (MB): peak = 3490.219 ; gain = 1240.398

Phase 2.4.2 Physical Synthesis In Placer
INFO: [Physopt 32-1035] Found 27 LUTNM shape to break, 1 LUT instances to create LUTNM shape
INFO: [Physopt 32-1044] Break lutnm for timing: one critical 19, two critical 8, total 27, new lutff created 0
INFO: [Physopt 32-1138] End 1 Pass. Optimized 27 nets or LUTs. Breaked 27 LUTs, combined 0 existing LUT and moved 0 existing LUT
INFO: [Physopt 32-69] No nets found for rewiring optimization.
INFO: [Physopt 32-661] Optimized 0 net.  Re-placed 0 instance.
INFO: [Physopt 32-775] End 1 Pass. Optimized 0 net or cell. Created 0 new cell, deleted 0 existing cell and moved 0 existing cell
INFO: [Physopt 32-65] No nets found for high-fanout optimization.
INFO: [Physopt 32-232] Optimized 0 net. Created 0 new instance.
INFO: [Physopt 32-775] End 1 Pass. Optimized 0 net or cell. Created 0 new cell, deleted 0 existing cell and moved 0 existing cell
INFO: [Physopt 32-457] Pass 1. Identified 2 candidate cells for DSP register optimization.
INFO: [Physopt 32-665] Processed cell iMULT31/U0/i_mult/gDSP.gDSP_only.iDSP/inferred_dsp.use_p_reg.p_reg_reg. 32 registers were pushed out.
INFO: [Physopt 32-666] Processed cell iMULT31/U0/i_mult/gDSP.gDSP_only.iDSP/inferred_dsp.use_p_reg.p_reg_reg. No change.
INFO: [Physopt 32-457] Pass 2. Identified 1 candidate cell for DSP register optimization.
INFO: [Physopt 32-666] Processed cell iMULT31/U0/i_mult/gDSP.gDSP_only.iDSP/inferred_dsp.use_p_reg.p_reg_reg. No change.
INFO: [Physopt 32-775] End 2 Pass. Optimized 1 net or cell. Created 32 new cells, deleted 0 existing cell and moved 0 existing cell
Netlist sorting complete. Time (s): cpu = 00:00:00 ; elapsed = 00:00:00.014 . Memory (MB): peak = 3490.219 ; gain = 0.000
INFO: [Physopt 32-1123] No candidate cells found for Shift Register to Pipeline optimization
INFO: [Physopt 32-775] End 2 Pass. Optimized 0 net or cell. Created 0 new cell, deleted 0 existing cell and moved 0 existing cell
INFO: [Physopt 32-677] No candidate cells for Shift Register optimization found in the design
INFO: [Physopt 32-775] End 1 Pass. Optimized 0 net or cell. Created 0 new cell, deleted 0 existing cell and moved 0 existing cell
INFO: [Physopt 32-526] No candidate cells for BRAM register optimization found in the design
INFO: [Physopt 32-775] End 1 Pass. Optimized 0 net or cell. Created 0 new cell, deleted 0 existing cell and moved 0 existing cell
INFO: [Physopt 32-846] No candidate cells for URAM register optimization found in the design
INFO: [Physopt 32-775] End 2 Pass. Optimized 0 net or cell. Created 0 new cell, deleted 0 existing cell and moved 0 existing cell
INFO: [Physopt 32-949] No candidate nets found for dynamic/static region interface net replication
INFO: [Physopt 32-775] End 1 Pass. Optimized 0 net or cell. Created 0 new cell, deleted 0 existing cell and moved 0 existing cell
Netlist sorting complete. Time (s): cpu = 00:00:00 ; elapsed = 00:00:00 . Memory (MB): peak = 3490.219 ; gain = 0.000

Summary of Physical Synthesis Optimizations
============================================


-----------------------------------------------------------------------------------------------------------------------------------------------------------
|  Optimization                                     |  Added Cells  |  Removed Cells  |  Optimized Cells/Nets  |  Dont Touch  |  Iterations  |  Elapsed   |
-----------------------------------------------------------------------------------------------------------------------------------------------------------
|  LUT Combining                                    |           27  |              0  |                    27  |           0  |           1  |  00:00:00  |
|  Retime                                           |            0  |              0  |                     0  |           0  |           1  |  00:00:00  |
|  Equivalent Driver Rewiring                       |            0  |              0  |                     0  |           0  |           1  |  00:00:00  |
|  Very High Fanout                                 |            0  |              0  |                     0  |           0  |           1  |  00:00:00  |
|  DSP Register                                     |           32  |              0  |                     1  |           0  |           1  |  00:00:01  |
|  Shift Register to Pipeline                       |            0  |              0  |                     0  |           0  |           1  |  00:00:00  |
|  Shift Register                                   |            0  |              0  |                     0  |           0  |           1  |  00:00:00  |
|  BRAM Register                                    |            0  |              0  |                     0  |           0  |           1  |  00:00:00  |
|  URAM Register                                    |            0  |              0  |                     0  |           0  |           1  |  00:00:00  |
|  Dynamic/Static Region Interface Net Replication  |            0  |              0  |                     0  |           0  |           1  |  00:00:00  |
|  Total                                            |           59  |              0  |                    28  |           0  |          10  |  00:00:01  |
-----------------------------------------------------------------------------------------------------------------------------------------------------------


Phase 2.4.2 Physical Synthesis In Placer | Checksum: f6b98a4f

Time (s): cpu = 00:01:00 ; elapsed = 00:01:00 . Memory (MB): peak = 3490.219 ; gain = 1240.398
Phase 2.4 Global Placement Core | Checksum: 12f5bfce6

Time (s): cpu = 00:01:00 ; elapsed = 00:01:01 . Memory (MB): peak = 3490.219 ; gain = 1240.398
Phase 2 Global Placement | Checksum: 12f5bfce6

Time (s): cpu = 00:01:00 ; elapsed = 00:01:01 . Memory (MB): peak = 3490.219 ; gain = 1240.398

Phase 3 Detail Placement

Phase 3.1 Commit Multi Column Macros
Phase 3.1 Commit Multi Column Macros | Checksum: 116ee7e0f

Time (s): cpu = 00:01:01 ; elapsed = 00:01:01 . Memory (MB): peak = 3490.219 ; gain = 1240.398

Phase 3.2 Commit Most Macros & LUTRAMs
Phase 3.2 Commit Most Macros & LUTRAMs | Checksum: af0a8568

Time (s): cpu = 00:01:01 ; elapsed = 00:01:01 . Memory (MB): peak = 3490.219 ; gain = 1240.398

Phase 3.3 Small Shape DP

Phase 3.3.1 Small Shape Clustering
Phase 3.3.1 Small Shape Clustering | Checksum: 1633e4a49

Time (s): cpu = 00:01:04 ; elapsed = 00:01:04 . Memory (MB): peak = 3490.219 ; gain = 1240.398

Phase 3.3.2 Flow Legalize Slice Clusters
Phase 3.3.2 Flow Legalize Slice Clusters | Checksum: 1736cb093

Time (s): cpu = 00:01:04 ; elapsed = 00:01:04 . Memory (MB): peak = 3490.219 ; gain = 1240.398

Phase 3.3.3 Slice Area Swap

Phase 3.3.3.1 Slice Area Swap Initial
Phase 3.3.3.1 Slice Area Swap Initial | Checksum: ef96df50

Time (s): cpu = 00:01:04 ; elapsed = 00:01:05 . Memory (MB): peak = 3490.219 ; gain = 1240.398
Phase 3.3.3 Slice Area Swap | Checksum: ef96df50

Time (s): cpu = 00:01:04 ; elapsed = 00:01:05 . Memory (MB): peak = 3490.219 ; gain = 1240.398
Phase 3.3 Small Shape DP | Checksum: 145b8a807

Time (s): cpu = 00:01:05 ; elapsed = 00:01:06 . Memory (MB): peak = 3490.219 ; gain = 1240.398

Phase 3.4 Re-assign LUT pins
Phase 3.4 Re-assign LUT pins | Checksum: ce9a28a4

Time (s): cpu = 00:01:05 ; elapsed = 00:01:06 . Memory (MB): peak = 3490.219 ; gain = 1240.398

Phase 3.5 Pipeline Register Optimization
Phase 3.5 Pipeline Register Optimization | Checksum: af5485a6

Time (s): cpu = 00:01:06 ; elapsed = 00:01:06 . Memory (MB): peak = 3490.219 ; gain = 1240.398

Phase 3.6 Fast Optimization
Phase 3.6 Fast Optimization | Checksum: 173189dd8

Time (s): cpu = 00:01:10 ; elapsed = 00:01:11 . Memory (MB): peak = 3490.219 ; gain = 1240.398
Phase 3 Detail Placement | Checksum: 173189dd8

Time (s): cpu = 00:01:10 ; elapsed = 00:01:11 . Memory (MB): peak = 3490.219 ; gain = 1240.398

Phase 4 Post Placement Optimization and Clean-Up

Phase 4.1 Post Commit Optimization
INFO: [Timing 38-35] Done setting XDC timing constraints.

Phase 4.1.1 Post Placement Optimization
Post Placement Optimization Initialization | Checksum: 1744e80fc

Phase 4.1.1.1 BUFG Insertion

Starting Physical Synthesis Task

Phase 1 Physical Synthesis Initialization
INFO: [Physopt 32-721] Multithreading enabled for phys_opt_design using a maximum of 2 CPUs
INFO: [Physopt 32-619] Estimated Timing Summary | WNS=-0.600 | TNS=-9.135 |
Phase 1 Physical Synthesis Initialization | Checksum: 1f1f5c6b3

Time (s): cpu = 00:00:01 ; elapsed = 00:00:00.096 . Memory (MB): peak = 3490.219 ; gain = 0.000
INFO: [Place 46-56] BUFG insertion identified 0 candidate nets. Inserted BUFG: 0, Replicated BUFG Driver: 0, Skipped due to Placement/Routing Conflicts: 0, Skipped due to Timing Degradation: 0, Skipped due to Illegal Netlist: 0.
Ending Physical Synthesis Task | Checksum: 1d0b10f19

Time (s): cpu = 00:00:01 ; elapsed = 00:00:00.115 . Memory (MB): peak = 3490.219 ; gain = 0.000
Phase 4.1.1.1 BUFG Insertion | Checksum: 1744e80fc

Time (s): cpu = 00:01:13 ; elapsed = 00:01:13 . Memory (MB): peak = 3490.219 ; gain = 1240.398

Phase 4.1.1.2 Post Placement Timing Optimization
INFO: [Place 30-746] Post Placement Timing Summary WNS=-0.262. For the most accurate timing information please run report_timing.
Phase 4.1.1.2 Post Placement Timing Optimization | Checksum: 17bc685b4

Time (s): cpu = 00:01:59 ; elapsed = 00:02:15 . Memory (MB): peak = 3490.219 ; gain = 1240.398

Time (s): cpu = 00:01:59 ; elapsed = 00:02:15 . Memory (MB): peak = 3490.219 ; gain = 1240.398
Phase 4.1 Post Commit Optimization | Checksum: 17bc685b4

Time (s): cpu = 00:01:59 ; elapsed = 00:02:15 . Memory (MB): peak = 3490.219 ; gain = 1240.398
Netlist sorting complete. Time (s): cpu = 00:00:00 ; elapsed = 00:00:00.002 . Memory (MB): peak = 3490.219 ; gain = 0.000

Phase 4.2 Post Placement Cleanup
Phase 4.2 Post Placement Cleanup | Checksum: 1cb3c68cf

Time (s): cpu = 00:02:07 ; elapsed = 00:02:23 . Memory (MB): peak = 3490.219 ; gain = 1240.398

Phase 4.3 Placer Reporting

Phase 4.3.1 Print Estimated Congestion
INFO: [Place 30-612] Post-Placement Estimated Congestion 
 ________________________________________________________________________
|           | Global Congestion | Long Congestion   | Short Congestion  |
| Direction | Region Size       | Region Size       | Region Size       |
|___________|___________________|___________________|___________________|
|      North|                1x1|                1x1|                1x1|
|___________|___________________|___________________|___________________|
|      South|                1x1|                1x1|                1x1|
|___________|___________________|___________________|___________________|
|       East|                1x1|                1x1|                1x1|
|___________|___________________|___________________|___________________|
|       West|                1x1|                1x1|                1x1|
|___________|___________________|___________________|___________________|

Phase 4.3.1 Print Estimated Congestion | Checksum: 1cb3c68cf

Time (s): cpu = 00:02:07 ; elapsed = 00:02:23 . Memory (MB): peak = 3490.219 ; gain = 1240.398
Phase 4.3 Placer Reporting | Checksum: 1cb3c68cf

Time (s): cpu = 00:02:07 ; elapsed = 00:02:23 . Memory (MB): peak = 3490.219 ; gain = 1240.398

Phase 4.4 Final Placement Cleanup
Netlist sorting complete. Time (s): cpu = 00:00:00 ; elapsed = 00:00:00 . Memory (MB): peak = 3490.219 ; gain = 0.000

Time (s): cpu = 00:02:07 ; elapsed = 00:02:23 . Memory (MB): peak = 3490.219 ; gain = 1240.398
Phase 4 Post Placement Optimization and Clean-Up | Checksum: 1cb3c68cf

Time (s): cpu = 00:02:07 ; elapsed = 00:02:23 . Memory (MB): peak = 3490.219 ; gain = 1240.398
Ending Placer Task | Checksum: 16d6d54c1

Time (s): cpu = 00:02:07 ; elapsed = 00:02:23 . Memory (MB): peak = 3490.219 ; gain = 1240.398
INFO: [Common 17-83] Releasing license: Implementation
78 Infos, 0 Warnings, 0 Critical Warnings and 0 Errors encountered.
place_design completed successfully
INFO: [Common 17-600] The following parameters have non-default value.
tcl.statsThreshold
INFO: [Timing 38-480] Writing timing data to binary archive.
Writing XDEF routing.
Writing XDEF routing logical nets.
Writing XDEF routing special nets.
Write XDEF Complete: Time (s): cpu = 00:00:01 ; elapsed = 00:00:00.438 . Memory (MB): peak = 3490.219 ; gain = 0.000
INFO: [Common 17-1381] The checkpoint 'D:/STUDY/Hardware implementation of CRYSTALS-Dlithium/Kyber/code/BU/BU.runs/impl_1/butterfly_placed.dcp' has been generated.
INFO: [runtcl-4] Executing : report_io -file butterfly_io_placed.rpt
report_io: Time (s): cpu = 00:00:01 ; elapsed = 00:00:00.194 . Memory (MB): peak = 3490.219 ; gain = 0.000
INFO: [runtcl-4] Executing : report_utilization -file butterfly_utilization_placed.rpt -pb butterfly_utilization_placed.pb
INFO: [runtcl-4] Executing : report_control_sets -verbose -file butterfly_control_sets_placed.rpt
report_control_sets: Time (s): cpu = 00:00:00 ; elapsed = 00:00:00.002 . Memory (MB): peak = 3490.219 ; gain = 0.000
Command: phys_opt_design
Attempting to get a license for feature 'Implementation' and/or device 'xcau25p'
INFO: [Common 17-349] Got license for feature 'Implementation' and/or device 'xcau25p'

Starting Initial Update Timing Task

Time (s): cpu = 00:00:00 ; elapsed = 00:00:00.774 . Memory (MB): peak = 3490.219 ; gain = 0.000
INFO: [Vivado_Tcl 4-1435] PhysOpt_Tcl_Interface Runtime Before Starting Physical Synthesis Task | CPU: 0.00s |  WALL: 0.81s
Netlist sorting complete. Time (s): cpu = 00:00:00 ; elapsed = 00:00:00.001 . Memory (MB): peak = 3490.219 ; gain = 0.000

Starting Physical Synthesis Task

Phase 1 Physical Synthesis Initialization
INFO: [Physopt 32-721] Multithreading enabled for phys_opt_design using a maximum of 2 CPUs
INFO: [Physopt 32-619] Estimated Timing Summary | WNS=-0.259 | TNS=-3.180 |
Phase 1 Physical Synthesis Initialization | Checksum: 24a2d9afd

Time (s): cpu = 00:00:02 ; elapsed = 00:00:01 . Memory (MB): peak = 3490.219 ; gain = 0.000
INFO: [Physopt 32-619] Estimated Timing Summary | WNS=-0.259 | TNS=-3.180 |

Phase 2 DSP Register Optimization
INFO: [Physopt 32-457] Pass 1. Identified 1 candidate cell for DSP register optimization.
INFO: [Physopt 32-665] Processed cell iMULT31/U0/i_mult/gDSP.gDSP_only.iDSP/inferred_dsp.use_p_reg.p_reg_reg. 16 registers were pushed out.
INFO: [Physopt 32-457] Pass 2. Identified 1 candidate cell for DSP register optimization.
INFO: [Physopt 32-665] Processed cell ibarrett/iMULT62/U0/i_mult/gDSP.gDSP_only.iDSP/use_prim.appDSP48[1].bppDSP48[0].use_dsp.use_dsp48e2.iDSP48E2. 8 registers were pushed in.
INFO: [Physopt 32-775] End 2 Pass. Optimized 2 nets or cells. Created 16 new cells, deleted 8 existing cells and moved 0 existing cell
INFO: [Physopt 32-619] Estimated Timing Summary | WNS=-0.002 | TNS=-0.002 |
Netlist sorting complete. Time (s): cpu = 00:00:01 ; elapsed = 00:00:00.022 . Memory (MB): peak = 3490.219 ; gain = 0.000
Phase 2 DSP Register Optimization | Checksum: 15f69f3dd

Time (s): cpu = 00:00:07 ; elapsed = 00:00:05 . Memory (MB): peak = 3490.219 ; gain = 0.000

Phase 3 Critical Path Optimization
INFO: [Physopt 32-619] Estimated Timing Summary | WNS=-0.002 | TNS=-0.002 |
INFO: [Physopt 32-702] Processed net ibarrett/iMULT31_i_16_psdsp_n. Optimizations did not improve timing on the net.
INFO: [Physopt 32-81] Processed net ibarrett/P[1]_alias. Replicated 1 times.
INFO: [Physopt 32-735] Processed net ibarrett/P[1]_alias. Optimization improves timing on the net.
INFO: [Physopt 32-619] Estimated Timing Summary | WNS=0.008 | TNS=0.000 |
INFO: [Physopt 32-619] Estimated Timing Summary | WNS=0.008 | TNS=0.000 |
Phase 3 Critical Path Optimization | Checksum: 15f69f3dd

Time (s): cpu = 00:00:07 ; elapsed = 00:00:06 . Memory (MB): peak = 3490.219 ; gain = 0.000

Phase 4 Critical Path Optimization
INFO: [Physopt 32-619] Estimated Timing Summary | WNS=0.008 | TNS=0.000 |
INFO: [Physopt 32-619] Estimated Timing Summary | WNS=0.008 | TNS=0.000 |
Phase 4 Critical Path Optimization | Checksum: 15f69f3dd

Time (s): cpu = 00:00:07 ; elapsed = 00:00:06 . Memory (MB): peak = 3490.219 ; gain = 0.000
Netlist sorting complete. Time (s): cpu = 00:00:00 ; elapsed = 00:00:00.005 . Memory (MB): peak = 3490.219 ; gain = 0.000
Netlist sorting complete. Time (s): cpu = 00:00:00 ; elapsed = 00:00:00.001 . Memory (MB): peak = 3490.219 ; gain = 0.000
INFO: [Physopt 32-603] Post Physical Optimization Timing Summary | WNS=0.008 | TNS=0.000 |

Summary of Physical Synthesis Optimizations
============================================


-------------------------------------------------------------------------------------------------------------------------------------------------------------
|  Optimization   |  WNS Gain (ns)  |  TNS Gain (ns)  |  Added Cells  |  Removed Cells  |  Optimized Cells/Nets  |  Dont Touch  |  Iterations  |  Elapsed   |
-------------------------------------------------------------------------------------------------------------------------------------------------------------
|  DSP Register   |          0.257  |          3.178  |           16  |              8  |                     2  |           0  |           1  |  00:00:04  |
|  Critical Path  |          0.010  |          0.002  |            1  |              0  |                     1  |           0  |           2  |  00:00:01  |
|  Total          |          0.267  |          3.180  |           17  |              8  |                     3  |           0  |           3  |  00:00:05  |
-------------------------------------------------------------------------------------------------------------------------------------------------------------


Netlist sorting complete. Time (s): cpu = 00:00:00 ; elapsed = 00:00:00 . Memory (MB): peak = 3490.219 ; gain = 0.000
Ending Physical Synthesis Task | Checksum: 2afad1fe1

Time (s): cpu = 00:00:08 ; elapsed = 00:00:06 . Memory (MB): peak = 3490.219 ; gain = 0.000
INFO: [Common 17-83] Releasing license: Implementation
105 Infos, 0 Warnings, 0 Critical Warnings and 0 Errors encountered.
phys_opt_design completed successfully
INFO: [Common 17-600] The following parameters have non-default value.
tcl.statsThreshold
INFO: [Timing 38-480] Writing timing data to binary archive.
Writing XDEF routing.
Writing XDEF routing logical nets.
Writing XDEF routing special nets.
Write XDEF Complete: Time (s): cpu = 00:00:01 ; elapsed = 00:00:00.436 . Memory (MB): peak = 3490.219 ; gain = 0.000
INFO: [Common 17-1381] The checkpoint 'D:/STUDY/Hardware implementation of CRYSTALS-Dlithium/Kyber/code/BU/BU.runs/impl_1/butterfly_physopt.dcp' has been generated.
Command: route_design
Attempting to get a license for feature 'Implementation' and/or device 'xcau25p'
INFO: [Common 17-349] Got license for feature 'Implementation' and/or device 'xcau25p'
INFO: [DRC 23-27] Running DRC with 2 threads
INFO: [Vivado_Tcl 4-198] DRC finished with 0 Errors
INFO: [Vivado_Tcl 4-199] Please refer to the DRC report (report_drc) for more information.
Running DRC as a precondition to command route_design
INFO: [DRC 23-27] Running DRC with 2 threads
INFO: [Vivado_Tcl 4-198] DRC finished with 0 Errors
INFO: [Vivado_Tcl 4-199] Please refer to the DRC report (report_drc) for more information.


Starting Routing Task
INFO: [Route 35-254] Multithreading enabled for route_design using a maximum of 2 CPUs

Phase 1 Build RT Design
Checksum: PlaceDB: fe7cdd5c ConstDB: 0 ShapeSum: e1f372dd RouteDB: 1af65cf0
Nodegraph reading from file.  Time (s): cpu = 00:00:03 ; elapsed = 00:00:03 . Memory (MB): peak = 3490.219 ; gain = 0.000
Post Restoration Checksum: NetGraph: 6d069f15 NumContArr: 99d3658a Constraints: d22dd2fe Timing: 0
Phase 1 Build RT Design | Checksum: 1d907d79d

Time (s): cpu = 00:00:10 ; elapsed = 00:00:10 . Memory (MB): peak = 3490.219 ; gain = 0.000

Phase 2 Router Initialization

Phase 2.1 Fix Topology Constraints
Phase 2.1 Fix Topology Constraints | Checksum: 1d907d79d

Time (s): cpu = 00:00:10 ; elapsed = 00:00:11 . Memory (MB): peak = 3490.219 ; gain = 0.000

Phase 2.2 Pre Route Cleanup
Phase 2.2 Pre Route Cleanup | Checksum: 1d907d79d

Time (s): cpu = 00:00:10 ; elapsed = 00:00:11 . Memory (MB): peak = 3490.219 ; gain = 0.000

Phase 2.3 Global Clock Net Routing
 Number of Nodes with overlaps = 0
Phase 2.3 Global Clock Net Routing | Checksum: 12434d5e8

Time (s): cpu = 00:00:12 ; elapsed = 00:00:12 . Memory (MB): peak = 3490.219 ; gain = 0.000

Phase 2.4 Update Timing
Phase 2.4 Update Timing | Checksum: 2c8620b31

Time (s): cpu = 00:00:13 ; elapsed = 00:00:12 . Memory (MB): peak = 3490.219 ; gain = 0.000
INFO: [Route 35-416] Intermediate Timing Summary | WNS=0.129  | TNS=0.000  | WHS=0.067  | THS=0.000  |


Router Utilization Summary
  Global Vertical Routing Utilization    = 0 %
  Global Horizontal Routing Utilization  = 0 %
  Routable Net Status*
  *Does not include unroutable nets such as driverless and loadless.
  Run report_route_status for detailed report.
  Number of Failed Nets               = 507
    (Failed Nets is the sum of unrouted and partially routed nets)
  Number of Unrouted Nets             = 353
  Number of Partially Routed Nets     = 154
  Number of Node Overlaps             = 0

Phase 2 Router Initialization | Checksum: 2b2cfe0c1

Time (s): cpu = 00:00:15 ; elapsed = 00:00:13 . Memory (MB): peak = 3490.219 ; gain = 0.000

Phase 3 Initial Routing

Phase 3.1 Global Routing
Phase 3.1 Global Routing | Checksum: 2b2cfe0c1

Time (s): cpu = 00:00:15 ; elapsed = 00:00:14 . Memory (MB): peak = 3490.219 ; gain = 0.000
Phase 3 Initial Routing | Checksum: 25c882f36

Time (s): cpu = 00:00:18 ; elapsed = 00:00:15 . Memory (MB): peak = 3490.219 ; gain = 0.000

Phase 4 Rip-up And Reroute

Phase 4.1 Global Iteration 0
 Number of Nodes with overlaps = 73
 Number of Nodes with overlaps = 10
 Number of Nodes with overlaps = 2
 Number of Nodes with overlaps = 0
INFO: [Route 35-416] Intermediate Timing Summary | WNS=-0.195 | TNS=-1.139 | WHS=0.067  | THS=0.000  |

Phase 4.1 Global Iteration 0 | Checksum: 27118aa8f

Time (s): cpu = 00:00:20 ; elapsed = 00:00:17 . Memory (MB): peak = 3490.219 ; gain = 0.000

Phase 4.2 Global Iteration 1
 Number of Nodes with overlaps = 18
 Number of Nodes with overlaps = 1
 Number of Nodes with overlaps = 0
INFO: [Route 35-416] Intermediate Timing Summary | WNS=0.018  | TNS=0.000  | WHS=N/A    | THS=N/A    |

Phase 4.2 Global Iteration 1 | Checksum: 2069fc168

Time (s): cpu = 00:00:21 ; elapsed = 00:00:17 . Memory (MB): peak = 3490.219 ; gain = 0.000

Phase 4.3 Global Iteration 2
 Number of Nodes with overlaps = 9
 Number of Nodes with overlaps = 2
 Number of Nodes with overlaps = 0
INFO: [Route 35-416] Intermediate Timing Summary | WNS=0.021  | TNS=0.000  | WHS=N/A    | THS=N/A    |

Phase 4.3 Global Iteration 2 | Checksum: 1f909fbdc

Time (s): cpu = 00:00:21 ; elapsed = 00:00:18 . Memory (MB): peak = 3490.219 ; gain = 0.000
Phase 4 Rip-up And Reroute | Checksum: 1f909fbdc

Time (s): cpu = 00:00:21 ; elapsed = 00:00:18 . Memory (MB): peak = 3490.219 ; gain = 0.000

Phase 5 Delay and Skew Optimization

Phase 5.1 Delay CleanUp
Phase 5.1 Delay CleanUp | Checksum: 2547ec0d1

Time (s): cpu = 00:00:21 ; elapsed = 00:00:18 . Memory (MB): peak = 3490.219 ; gain = 0.000

Phase 5.2 Clock Skew Optimization
Phase 5.2 Clock Skew Optimization | Checksum: 2547ec0d1

Time (s): cpu = 00:00:21 ; elapsed = 00:00:18 . Memory (MB): peak = 3490.219 ; gain = 0.000
Phase 5 Delay and Skew Optimization | Checksum: 2547ec0d1

Time (s): cpu = 00:00:21 ; elapsed = 00:00:18 . Memory (MB): peak = 3490.219 ; gain = 0.000

Phase 6 Post Hold Fix

Phase 6.1 Hold Fix Iter

Phase 6.1.1 Update Timing
Phase 6.1.1 Update Timing | Checksum: 23f9114bd

Time (s): cpu = 00:00:22 ; elapsed = 00:00:18 . Memory (MB): peak = 3490.219 ; gain = 0.000
INFO: [Route 35-416] Intermediate Timing Summary | WNS=0.021  | TNS=0.000  | WHS=0.067  | THS=0.000  |

Phase 6.1 Hold Fix Iter | Checksum: 23f9114bd

Time (s): cpu = 00:00:22 ; elapsed = 00:00:18 . Memory (MB): peak = 3490.219 ; gain = 0.000
Phase 6 Post Hold Fix | Checksum: 23f9114bd

Time (s): cpu = 00:00:22 ; elapsed = 00:00:18 . Memory (MB): peak = 3490.219 ; gain = 0.000

Phase 7 Route finalize

Router Utilization Summary
  Global Vertical Routing Utilization    = 0.0673443 %
  Global Horizontal Routing Utilization  = 0.0428115 %
  Routable Net Status*
  *Does not include unroutable nets such as driverless and loadless.
  Run report_route_status for detailed report.
  Number of Failed Nets               = 0
    (Failed Nets is the sum of unrouted and partially routed nets)
  Number of Unrouted Nets             = 0
  Number of Partially Routed Nets     = 0
  Number of Node Overlaps             = 0

Phase 7 Route finalize | Checksum: 28d711c3a

Time (s): cpu = 00:00:22 ; elapsed = 00:00:18 . Memory (MB): peak = 3490.219 ; gain = 0.000

Phase 8 Verifying routed nets

 Verification completed successfully
Phase 8 Verifying routed nets | Checksum: 28d711c3a

Time (s): cpu = 00:00:22 ; elapsed = 00:00:18 . Memory (MB): peak = 3490.219 ; gain = 0.000

Phase 9 Depositing Routes
Phase 9 Depositing Routes | Checksum: 28d711c3a

Time (s): cpu = 00:00:22 ; elapsed = 00:00:18 . Memory (MB): peak = 3490.219 ; gain = 0.000

Phase 10 Resolve XTalk
Phase 10 Resolve XTalk | Checksum: 28d711c3a

Time (s): cpu = 00:00:22 ; elapsed = 00:00:18 . Memory (MB): peak = 3490.219 ; gain = 0.000

Phase 11 Post Router Timing
INFO: [Route 35-57] Estimated Timing Summary | WNS=0.021  | TNS=0.000  | WHS=0.067  | THS=0.000  |

INFO: [Route 35-327] The final timing numbers are based on the router estimated timing analysis. For a complete and accurate timing signoff, please run report_timing_summary.
Phase 11 Post Router Timing | Checksum: 28d711c3a

Time (s): cpu = 00:00:23 ; elapsed = 00:00:19 . Memory (MB): peak = 3490.219 ; gain = 0.000
INFO: [Route 35-16] Router Completed Successfully

Time (s): cpu = 00:00:23 ; elapsed = 00:00:19 . Memory (MB): peak = 3490.219 ; gain = 0.000

Routing Is Done.
INFO: [Common 17-83] Releasing license: Implementation
125 Infos, 0 Warnings, 0 Critical Warnings and 0 Errors encountered.
route_design completed successfully
INFO: [Common 17-600] The following parameters have non-default value.
tcl.statsThreshold
INFO: [Timing 38-480] Writing timing data to binary archive.
Writing XDEF routing.
Writing XDEF routing logical nets.
Writing XDEF routing special nets.
Write XDEF Complete: Time (s): cpu = 00:00:00 ; elapsed = 00:00:00.318 . Memory (MB): peak = 3490.219 ; gain = 0.000
INFO: [Common 17-1381] The checkpoint 'D:/STUDY/Hardware implementation of CRYSTALS-Dlithium/Kyber/code/BU/BU.runs/impl_1/butterfly_routed.dcp' has been generated.
INFO: [runtcl-4] Executing : report_drc -file butterfly_drc_routed.rpt -pb butterfly_drc_routed.pb -rpx butterfly_drc_routed.rpx
Command: report_drc -file butterfly_drc_routed.rpt -pb butterfly_drc_routed.pb -rpx butterfly_drc_routed.rpx
INFO: [IP_Flow 19-1839] IP Catalog is up to date.
INFO: [DRC 23-27] Running DRC with 2 threads
INFO: [Vivado_Tcl 2-168] The results of DRC are in file D:/STUDY/Hardware implementation of CRYSTALS-Dlithium/Kyber/code/BU/BU.runs/impl_1/butterfly_drc_routed.rpt.
report_drc completed successfully
INFO: [runtcl-4] Executing : report_methodology -file butterfly_methodology_drc_routed.rpt -pb butterfly_methodology_drc_routed.pb -rpx butterfly_methodology_drc_routed.rpx
Command: report_methodology -file butterfly_methodology_drc_routed.rpt -pb butterfly_methodology_drc_routed.pb -rpx butterfly_methodology_drc_routed.rpx
INFO: [Timing 38-35] Done setting XDC timing constraints.
INFO: [DRC 23-133] Running Methodology with 2 threads
INFO: [Vivado_Tcl 2-1520] The results of Report Methodology are in file D:/STUDY/Hardware implementation of CRYSTALS-Dlithium/Kyber/code/BU/BU.runs/impl_1/butterfly_methodology_drc_routed.rpt.
report_methodology completed successfully
INFO: [runtcl-4] Executing : report_power -file butterfly_power_routed.rpt -pb butterfly_power_summary_routed.pb -rpx butterfly_power_routed.rpx
Command: report_power -file butterfly_power_routed.rpt -pb butterfly_power_summary_routed.pb -rpx butterfly_power_routed.rpx
INFO: [Timing 38-35] Done setting XDC timing constraints.
Running Vector-less Activity Propagation...

Finished Running Vector-less Activity Propagation
138 Infos, 0 Warnings, 0 Critical Warnings and 0 Errors encountered.
report_power completed successfully
INFO: [runtcl-4] Executing : report_route_status -file butterfly_route_status.rpt -pb butterfly_route_status.pb
INFO: [runtcl-4] Executing : report_timing_summary -max_paths 10 -report_unconstrained -file butterfly_timing_summary_routed.rpt -pb butterfly_timing_summary_routed.pb -rpx butterfly_timing_summary_routed.rpx -warn_on_violation 
INFO: [Timing 38-91] UpdateTimingParams: Speed grade: -2, Temperature grade: E, Delay Type: min_max.
INFO: [Timing 38-191] Multithreading enabled for timing update using a maximum of 2 CPUs
INFO: [runtcl-4] Executing : report_incremental_reuse -file butterfly_incremental_reuse_routed.rpt
INFO: [Vivado_Tcl 4-1062] Incremental flow is disabled. No incremental reuse Info to report.
INFO: [runtcl-4] Executing : report_clock_utilization -file butterfly_clock_utilization_routed.rpt
INFO: [runtcl-4] Executing : report_bus_skew -warn_on_violation -file butterfly_bus_skew_routed.rpt -pb butterfly_bus_skew_routed.pb -rpx butterfly_bus_skew_routed.rpx
INFO: [Timing 38-91] UpdateTimingParams: Speed grade: -2, Temperature grade: E, Delay Type: min_max.
INFO: [Timing 38-191] Multithreading enabled for timing update using a maximum of 2 CPUs
INFO: [Common 17-206] Exiting Vivado at Mon Nov 20 19:48:41 2023...
