version: (200506)

available memory: 64M bytes
used memory: 147456 bytes [need 144K bytes if disable swap]

used block: 4 [memory(4) file(0)]
                 [ 8K(2) 64K(2) { total 144K bytes } ]
overhead: (9522) bytes for (4) blocks [Average: (2380) bytes/block]

write  => 0(times) 0K(bytes) [0K bytes to file]
read   => 2(times) 9K(bytes) [2K bytes compressed data from file]
access => 190724(times) 1495M(bytes)
          [hit ratio: 99.999%]

time: write(0) read(0)  unit: second

swap file directory: (/media/share/GitHub/ntt-for-hps-integration/rtl/bu/barret_reduction/verdiLog)
used swap file number: (3)



swap file manager:
arrSize: (256)
idxCnt: (4)
closeHead: (1)
closeTail: (3)
openCnt: (3)
fid(3): fd(1073741825) fileName(/media/share/GitHub/ntt-for-hps-integration/rtl/bu/barret_reduction/simv.daidir/kdb.elab++/work.lib++/barrett_reduction.sv.tdc)
	size(1818) lastModTime(1696844567) curModTime(1696844567)
	mode(rb)	hot(0) cool(2) pos(0)
fid(2): fd(33) fileName(/media/share/GitHub/ntt-for-hps-integration/rtl/bu/barret_reduction/verdiLog/_swap_0001#296485376#16752)
	size(0) lastModTime(0) curModTime(1696844584)
	mode(w+b)	hot(3) cool(1) pos(0)
fid(1): fd(1073741824) fileName(/media/share/GitHub/ntt-for-hps-integration/rtl/bu/barret_reduction/simv.daidir/kdb.elab++/work.lib++/tb_barrett_reduction.sv.tdc)
	size(2765) lastModTime(1696844567) curModTime(1696844567)
	mode(rb)	hot(2) cool(0) pos(0)
fid(0): fd(0) fileName(NULL)
	mode(NULL)	hot(0) cool(0) pos(0)
==================================================
mySelf(142dc3a0) pre(139066f0) next(0)
version(200506)
date(Apr 29 2019 03:10:04)
