version: (200506)

available memory: 64M bytes
used memory: 73728 bytes [need 72K bytes if disable swap]

used block: 2 [memory(2) file(0)]
                 [ 8K(1) 64K(1) { total 72K bytes } ]
overhead: (9522) bytes for (2) blocks [Average: (4761) bytes/block]

write  => 0(times) 0K(bytes) [0K bytes to file]
read   => 1(times) 6K(bytes) [1K bytes compressed data from file]
access => 33496(times) 263M(bytes)
          [hit ratio: 99.997%]

time: write(0) read(0)  unit: second

swap file directory: (/media/share/GitHub/ntt-for-hps-integration/VerilatorSample/verdiLog)
used swap file number: (1)



swap file manager:
arrSize: (256)
idxCnt: (3)
closeHead: (1)
closeTail: (2)
openCnt: (2)
fid(2): fd(32) fileName(/media/share/GitHub/ntt-for-hps-integration/VerilatorSample/verdiLog/_swap_0001#296485376#13531)
	size(0) lastModTime(0) curModTime(1696843789)
	mode(w+b)	hot(0) cool(1) pos(0)
fid(1): fd(1073741824) fileName(/media/share/GitHub/ntt-for-hps-integration/VerilatorSample/simv.daidir/kdb.elab++/work.lib++/TB.sv.tdc)
	size(2374) lastModTime(1696843236) curModTime(1696843236)
	mode(rb)	hot(2) cool(0) pos(0)
fid(0): fd(0) fileName(NULL)
	mode(NULL)	hot(0) cool(0) pos(0)
==================================================
mySelf(1460cd40) pre(138601d0) next(0)
version(200506)
date(Apr 29 2019 03:10:04)
