Flow report for qtusbu
Wed Oct 11 13:31:06 2023
Quartus Prime Version 22.1std.0 Build 915 10/25/2022 SC Standard Edition


---------------------
; Table of Contents ;
---------------------
  1. Legal Notice
  2. Flow Summary
  3. Flow Settings
  4. Flow Non-Default Global Settings
  5. Flow Elapsed Time
  6. Flow OS Summary
  7. Flow Log
  8. Flow Messages
  9. Flow Suppressed Messages



----------------
; Legal Notice ;
----------------
Copyright (C) 2022  Intel Corporation. All rights reserved.
Your use of Intel Corporation's design tools, logic functions 
and other software and tools, and any partner logic 
functions, and any output files from any of the foregoing 
(including device programming or simulation files), and any 
associated documentation or information are expressly subject 
to the terms and conditions of the Intel Program License 
Subscription Agreement, the Intel Quartus Prime License Agreement,
the Intel FPGA IP License Agreement, or other applicable license
agreement, including, without limitation, that your use is for
the sole purpose of programming logic devices manufactured by
Intel and sold by Intel or its authorized distributors.  Please
refer to the applicable agreement for further details, at
https://fpgasoftware.intel.com/eula.



+--------------------------------------------------------------------------------------+
; Flow Summary                                                                         ;
+---------------------------------+----------------------------------------------------+
; Flow Status                     ; Successful - Wed Oct 11 13:31:05 2023              ;
; Quartus Prime Version           ; 22.1std.0 Build 915 10/25/2022 SC Standard Edition ;
; Revision Name                   ; qtusbu                                             ;
; Top-level Entity Name           ; barrett_reduction                                  ;
; Family                          ; Cyclone V                                          ;
; Device                          ; 5CSXFC6D6F31C6                                     ;
; Timing Models                   ; Final                                              ;
; Logic utilization (in ALMs)     ; 46 / 41,910 ( < 1 % )                              ;
; Total registers                 ; 0                                                  ;
; Total pins                      ; 48 / 499 ( 10 % )                                  ;
; Total virtual pins              ; 0                                                  ;
; Total block memory bits         ; 0 / 5,662,720 ( 0 % )                              ;
; Total DSP Blocks                ; 4 / 112 ( 4 % )                                    ;
; Total HSSI RX PCSs              ; 0 / 9 ( 0 % )                                      ;
; Total HSSI PMA RX Deserializers ; 0 / 9 ( 0 % )                                      ;
; Total HSSI TX PCSs              ; 0 / 9 ( 0 % )                                      ;
; Total HSSI PMA TX Serializers   ; 0 / 9 ( 0 % )                                      ;
; Total PLLs                      ; 0 / 15 ( 0 % )                                     ;
; Total DLLs                      ; 0 / 4 ( 0 % )                                      ;
+---------------------------------+----------------------------------------------------+


+-----------------------------------------+
; Flow Settings                           ;
+-------------------+---------------------+
; Option            ; Setting             ;
+-------------------+---------------------+
; Start date & time ; 10/11/2023 13:29:45 ;
; Main task         ; Compilation         ;
; Revision Name     ; qtusbu              ;
+-------------------+---------------------+


+------------------------------------------------------------------------------------------------------------------------------------------------------+
; Flow Non-Default Global Settings                                                                                                                     ;
+-------------------------------------+----------------------------------------+---------------+-------------------+-----------------------------------+
; Assignment Name                     ; Value                                  ; Default Value ; Entity Name       ; Section Id                        ;
+-------------------------------------+----------------------------------------+---------------+-------------------+-----------------------------------+
; COMPILER_SIGNATURE_ID               ; 2485377892354.169700578501753          ; --            ; --                ; --                                ;
; EDA_GENERATE_FUNCTIONAL_NETLIST     ; Off                                    ; --            ; --                ; eda_board_design_timing           ;
; EDA_GENERATE_FUNCTIONAL_NETLIST     ; Off                                    ; --            ; --                ; eda_board_design_boundary_scan    ;
; EDA_GENERATE_FUNCTIONAL_NETLIST     ; Off                                    ; --            ; --                ; eda_board_design_signal_integrity ;
; EDA_GENERATE_FUNCTIONAL_NETLIST     ; Off                                    ; --            ; --                ; eda_board_design_symbol           ;
; EDA_OUTPUT_DATA_FORMAT              ; Verilog Hdl                            ; --            ; --                ; eda_simulation                    ;
; EDA_SIMULATION_TOOL                 ; Questa Intel FPGA (Verilog)            ; <None>        ; --                ; --                                ;
; EDA_TIME_SCALE                      ; 1 ps                                   ; --            ; --                ; eda_simulation                    ;
; MAX_CORE_JUNCTION_TEMP              ; 85                                     ; --            ; --                ; --                                ;
; MIN_CORE_JUNCTION_TEMP              ; 0                                      ; --            ; --                ; --                                ;
; PARTITION_COLOR                     ; -- (Not supported for targeted family) ; --            ; barrett_reduction ; Top                               ;
; PARTITION_FITTER_PRESERVATION_LEVEL ; -- (Not supported for targeted family) ; --            ; barrett_reduction ; Top                               ;
; PARTITION_NETLIST_TYPE              ; -- (Not supported for targeted family) ; --            ; barrett_reduction ; Top                               ;
; PROJECT_OUTPUT_DIRECTORY            ; output_files                           ; --            ; --                ; --                                ;
; TOP_LEVEL_ENTITY                    ; barrett_reduction                      ; qtusbu        ; --                ; --                                ;
+-------------------------------------+----------------------------------------+---------------+-------------------+-----------------------------------+


+--------------------------------------------------------------------------------------------------------------------------+
; Flow Elapsed Time                                                                                                        ;
+----------------------+--------------+-------------------------+---------------------+------------------------------------+
; Module Name          ; Elapsed Time ; Average Processors Used ; Peak Virtual Memory ; Total CPU Time (on all processors) ;
+----------------------+--------------+-------------------------+---------------------+------------------------------------+
; Analysis & Synthesis ; 00:00:13     ; 1.0                     ; 629 MB              ; 00:00:22                           ;
; Fitter               ; 00:00:48     ; 1.0                     ; 2148 MB             ; 00:01:20                           ;
; Assembler            ; 00:00:07     ; 1.0                     ; 688 MB              ; 00:00:06                           ;
; Timing Analyzer      ; 00:00:06     ; 1.5                     ; 1030 MB             ; 00:00:05                           ;
; EDA Netlist Writer   ; 00:00:01     ; 1.0                     ; 840 MB              ; 00:00:01                           ;
; Total                ; 00:01:15     ; --                      ; --                  ; 00:01:54                           ;
+----------------------+--------------+-------------------------+---------------------+------------------------------------+


+------------------------------------------------------------------------------------------+
; Flow OS Summary                                                                          ;
+----------------------+------------------+------------------+------------+----------------+
; Module Name          ; Machine Hostname ; OS Name          ; OS Version ; Processor type ;
+----------------------+------------------+------------------+------------+----------------+
; Analysis & Synthesis ; haka             ; Debian GNU/Linux ; 10         ; x86_64         ;
; Fitter               ; haka             ; Debian GNU/Linux ; 10         ; x86_64         ;
; Assembler            ; haka             ; Debian GNU/Linux ; 10         ; x86_64         ;
; Timing Analyzer      ; haka             ; Debian GNU/Linux ; 10         ; x86_64         ;
; EDA Netlist Writer   ; haka             ; Debian GNU/Linux ; 10         ; x86_64         ;
+----------------------+------------------+------------------+------------+----------------+


------------
; Flow Log ;
------------
quartus_map --read_settings_files=on --write_settings_files=off qtusbu -c qtusbu
quartus_fit --read_settings_files=off --write_settings_files=off qtusbu -c qtusbu
quartus_asm --read_settings_files=off --write_settings_files=off qtusbu -c qtusbu
quartus_sta qtusbu -c qtusbu
quartus_eda --read_settings_files=off --write_settings_files=off qtusbu -c qtusbu



