Flow report for wrap
Wed Nov 22 12:16:00 2023
Quartus Prime Version 18.1.0 Build 625 09/12/2018 SJ Lite Edition


---------------------
; Table of Contents ;
---------------------
  1. Legal Notice
  2. Flow Summary
  3. Flow Settings
  4. Flow Non-Default Global Settings
  5. Flow Elapsed Time
  6. Flow OS Summary
  7. Flow Log
  8. Flow Messages
  9. Flow Suppressed Messages



----------------
; Legal Notice ;
----------------
Copyright (C) 2018  Intel Corporation. All rights reserved.
Your use of Intel Corporation's design tools, logic functions 
and other software and tools, and its AMPP partner logic 
functions, and any output files from any of the foregoing 
(including device programming or simulation files), and any 
associated documentation or information are expressly subject 
to the terms and conditions of the Intel Program License 
Subscription Agreement, the Intel Quartus Prime License Agreement,
the Intel FPGA IP License Agreement, or other applicable license
agreement, including, without limitation, that your use is for
the sole purpose of programming logic devices manufactured by
Intel and sold by Intel or its authorized distributors.  Please
refer to the applicable agreement for further details.



+-------------------------------------------------------------------------------+
; Flow Summary                                                                  ;
+---------------------------------+---------------------------------------------+
; Flow Status                     ; Successful - Wed Nov 22 12:16:00 2023       ;
; Quartus Prime Version           ; 18.1.0 Build 625 09/12/2018 SJ Lite Edition ;
; Revision Name                   ; wrap                                        ;
; Top-level Entity Name           ; wrap                                        ;
; Family                          ; Cyclone V                                   ;
; Device                          ; 5CSXFC6D6F31C6                              ;
; Timing Models                   ; Final                                       ;
; Logic utilization (in ALMs)     ; 9,494 / 41,910 ( 23 % )                     ;
; Total registers                 ; 4814                                        ;
; Total pins                      ; 71 / 499 ( 14 % )                           ;
; Total virtual pins              ; 0                                           ;
; Total block memory bits         ; 8,192 / 5,662,720 ( < 1 % )                 ;
; Total DSP Blocks                ; 8 / 112 ( 7 % )                             ;
; Total HSSI RX PCSs              ; 0 / 9 ( 0 % )                               ;
; Total HSSI PMA RX Deserializers ; 0 / 9 ( 0 % )                               ;
; Total HSSI TX PCSs              ; 0 / 9 ( 0 % )                               ;
; Total HSSI PMA TX Serializers   ; 0 / 9 ( 0 % )                               ;
; Total PLLs                      ; 0 / 15 ( 0 % )                              ;
; Total DLLs                      ; 0 / 4 ( 0 % )                               ;
+---------------------------------+---------------------------------------------+


+-----------------------------------------+
; Flow Settings                           ;
+-------------------+---------------------+
; Option            ; Setting             ;
+-------------------+---------------------+
; Start date & time ; 11/22/2023 12:09:07 ;
; Main task         ; Compilation         ;
; Revision Name     ; wrap                ;
+-------------------+---------------------+


+------------------------------------------------------------------------------------------------------------------------------+
; Flow Non-Default Global Settings                                                                                             ;
+--------------------------------------+----------------------------------------+---------------+-------------+----------------+
; Assignment Name                      ; Value                                  ; Default Value ; Entity Name ; Section Id     ;
+--------------------------------------+----------------------------------------+---------------+-------------+----------------+
; COMPILER_SIGNATURE_ID                ; 11571623068680.170062974739360         ; --            ; --          ; --             ;
; EDA_DESIGN_INSTANCE_NAME             ; NA                                     ; --            ; --          ; Wrap_tb        ;
; EDA_NATIVELINK_SIMULATION_TEST_BENCH ; Wrap_tb                                ; --            ; --          ; eda_simulation ;
; EDA_OUTPUT_DATA_FORMAT               ; Verilog Hdl                            ; --            ; --          ; eda_simulation ;
; EDA_RUN_TOOL_AUTOMATICALLY           ; On                                     ; --            ; --          ; eda_simulation ;
; EDA_SIMULATION_TOOL                  ; ModelSim-Altera (Verilog)              ; <None>        ; --          ; --             ;
; EDA_TEST_BENCH_ENABLE_STATUS         ; TEST_BENCH_MODE                        ; --            ; --          ; eda_simulation ;
; EDA_TEST_BENCH_FILE                  ; Wrap_tb.v                              ; --            ; --          ; Wrap_tb        ;
; EDA_TEST_BENCH_MODULE_NAME           ; Wrap_tb                                ; --            ; --          ; Wrap_tb        ;
; EDA_TEST_BENCH_NAME                  ; Wrap_tb                                ; --            ; --          ; eda_simulation ;
; EDA_TIME_SCALE                       ; 1 ps                                   ; --            ; --          ; eda_simulation ;
; MAX_CORE_JUNCTION_TEMP               ; 85                                     ; --            ; --          ; --             ;
; MIN_CORE_JUNCTION_TEMP               ; 0                                      ; --            ; --          ; --             ;
; MISC_FILE                            ; MULT3.bsf                              ; --            ; --          ; --             ;
; MISC_FILE                            ; MULT3_inst.v                           ; --            ; --          ; --             ;
; MISC_FILE                            ; MULT3_bb.v                             ; --            ; --          ; --             ;
; MISC_FILE                            ; MULT3.inc                              ; --            ; --          ; --             ;
; MISC_FILE                            ; MULT3.cmp                              ; --            ; --          ; --             ;
; MISC_FILE                            ; MULT6.bsf                              ; --            ; --          ; --             ;
; MISC_FILE                            ; MULT6_inst.v                           ; --            ; --          ; --             ;
; MISC_FILE                            ; MULT6_bb.v                             ; --            ; --          ; --             ;
; MISC_FILE                            ; MULT6.inc                              ; --            ; --          ; --             ;
; MISC_FILE                            ; MULT6.cmp                              ; --            ; --          ; --             ;
; PARTITION_COLOR                      ; -- (Not supported for targeted family) ; --            ; --          ; Top            ;
; PARTITION_FITTER_PRESERVATION_LEVEL  ; -- (Not supported for targeted family) ; --            ; --          ; Top            ;
; PARTITION_NETLIST_TYPE               ; -- (Not supported for targeted family) ; --            ; --          ; Top            ;
; POWER_BOARD_THERMAL_MODEL            ; None (CONSERVATIVE)                    ; --            ; --          ; --             ;
; POWER_PRESET_COOLING_SOLUTION        ; 23 MM HEAT SINK WITH 200 LFPM AIRFLOW  ; --            ; --          ; --             ;
; PROJECT_OUTPUT_DIRECTORY             ; output_files                           ; --            ; --          ; --             ;
+--------------------------------------+----------------------------------------+---------------+-------------+----------------+


+--------------------------------------------------------------------------------------------------------------------------+
; Flow Elapsed Time                                                                                                        ;
+----------------------+--------------+-------------------------+---------------------+------------------------------------+
; Module Name          ; Elapsed Time ; Average Processors Used ; Peak Virtual Memory ; Total CPU Time (on all processors) ;
+----------------------+--------------+-------------------------+---------------------+------------------------------------+
; Analysis & Synthesis ; 00:00:28     ; 2.0                     ; 1182 MB             ; 00:01:02                           ;
; Fitter               ; 00:05:28     ; 1.4                     ; 3129 MB             ; 00:15:47                           ;
; Assembler            ; 00:00:11     ; 1.0                     ; 1067 MB             ; 00:00:12                           ;
; Timing Analyzer      ; 00:00:27     ; 4.3                     ; 1507 MB             ; 00:01:41                           ;
; EDA Netlist Writer   ; 00:00:07     ; 1.0                     ; 1331 MB             ; 00:00:07                           ;
; Total                ; 00:06:41     ; --                      ; --                  ; 00:18:49                           ;
+----------------------+--------------+-------------------------+---------------------+------------------------------------+


+------------------------------------------------------------------------------------------+
; Flow OS Summary                                                                          ;
+----------------------+------------------+------------------+------------+----------------+
; Module Name          ; Machine Hostname ; OS Name          ; OS Version ; Processor type ;
+----------------------+------------------+------------------+------------+----------------+
; Analysis & Synthesis ; debian           ; Debian GNU/Linux ; 12         ; x86_64         ;
; Fitter               ; debian           ; Debian GNU/Linux ; 12         ; x86_64         ;
; Assembler            ; debian           ; Debian GNU/Linux ; 12         ; x86_64         ;
; Timing Analyzer      ; debian           ; Debian GNU/Linux ; 12         ; x86_64         ;
; EDA Netlist Writer   ; debian           ; Debian GNU/Linux ; 12         ; x86_64         ;
+----------------------+------------------+------------------+------------+----------------+


------------
; Flow Log ;
------------
quartus_map --read_settings_files=on --write_settings_files=off wrap -c wrap
quartus_fit --read_settings_files=off --write_settings_files=off wrap -c wrap
quartus_asm --read_settings_files=off --write_settings_files=off wrap -c wrap
quartus_sta wrap -c wrap
quartus_eda --read_settings_files=off --write_settings_files=off wrap -c wrap



