Copyright 1986-2022 Xilinx, Inc. All Rights Reserved.
------------------------------------------------------------------------------------
| Tool Version : Vivado v.2022.2 (win64) Build 3671981 Fri Oct 14 05:00:03 MDT 2022
| Date         : Wed Nov 29 11:04:28 2023
| Host         : DESKTOP-21L0LE9 running 64-bit major release  (build 9200)
| Command      : upgrade_ip
| Device       : xcau25p-sfvb784-2-e
------------------------------------------------------------------------------------

Upgrade Log for IP 'MULT6'

1. Summary
----------

SUCCESS in the conversion of MULT6 (xilinx.com:ip:mult_gen:12.0 (Rev. 18)) to Vivado generation flows.






Copyright 1986-2022 Xilinx, Inc. All Rights Reserved.
------------------------------------------------------------------------------------
| Tool Version : Vivado v.2022.2 (win64) Build 3671981 Fri Oct 14 05:00:03 MDT 2022
| Date         : Wed Nov 29 11:04:23 2023
| Host         : DESKTOP-21L0LE9 running 64-bit major release  (build 9200)
| Command      : upgrade_ip
| Device       : xcau25p-sfvb784-2-e
------------------------------------------------------------------------------------

Upgrade Log for IP 'MULT3'

1. Summary
----------

SUCCESS in the conversion of MULT3 (xilinx.com:ip:mult_gen:12.0 (Rev. 18)) to Vivado generation flows.






Copyright 1986-2022 Xilinx, Inc. All Rights Reserved.
------------------------------------------------------------------------------------
| Tool Version : Vivado v.2022.2 (win64) Build 3671981 Fri Oct 14 05:00:03 MDT 2022
| Date         : Mon Nov 27 15:36:45 2023
| Host         : DESKTOP-21L0LE9 running 64-bit major release  (build 9200)
| Command      : upgrade_ip
| Device       : xc7a200tffg1156-3
------------------------------------------------------------------------------------

Upgrade Log for IP 'MULT6'

1. Summary
----------

SUCCESS in the conversion of MULT6 (xilinx.com:ip:mult_gen:12.0 (Rev. 18)) to Vivado generation flows.






Copyright 1986-2022 Xilinx, Inc. All Rights Reserved.
------------------------------------------------------------------------------------
| Tool Version : Vivado v.2022.2 (win64) Build 3671981 Fri Oct 14 05:00:03 MDT 2022
| Date         : Mon Nov 27 15:36:21 2023
| Host         : DESKTOP-21L0LE9 running 64-bit major release  (build 9200)
| Command      : upgrade_ip
| Device       : xc7a200tffg1156-3
------------------------------------------------------------------------------------

Upgrade Log for IP 'MULT3'

1. Summary
----------

SUCCESS in the conversion of MULT3 (xilinx.com:ip:mult_gen:12.0 (Rev. 18)) to Vivado generation flows.

