Flow report for dut_quartus_2
Sun Jan  7 15:18:07 2024
Quartus Prime Version 22.1std.0 Build 915 10/25/2022 SC Standard Edition


---------------------
; Table of Contents ;
---------------------
  1. Legal Notice
  2. Flow Summary
  3. Flow Settings
  4. Flow Non-Default Global Settings
  5. Flow Elapsed Time
  6. Flow OS Summary
  7. Flow Log
  8. Flow Messages
  9. Flow Suppressed Messages



----------------
; Legal Notice ;
----------------
Copyright (C) 2022  Intel Corporation. All rights reserved.
Your use of Intel Corporation's design tools, logic functions 
and other software and tools, and any partner logic 
functions, and any output files from any of the foregoing 
(including device programming or simulation files), and any 
associated documentation or information are expressly subject 
to the terms and conditions of the Intel Program License 
Subscription Agreement, the Intel Quartus Prime License Agreement,
the Intel FPGA IP License Agreement, or other applicable license
agreement, including, without limitation, that your use is for
the sole purpose of programming logic devices manufactured by
Intel and sold by Intel or its authorized distributors.  Please
refer to the applicable agreement for further details, at
https://fpgasoftware.intel.com/eula.



+--------------------------------------------------------------------------------------+
; Flow Summary                                                                         ;
+---------------------------------+----------------------------------------------------+
; Flow Status                     ; Successful - Sun Jan  7 15:18:07 2024              ;
; Quartus Prime Version           ; 22.1std.0 Build 915 10/25/2022 SC Standard Edition ;
; Revision Name                   ; dut_quartus_2                                      ;
; Top-level Entity Name           ; wrap                                               ;
; Family                          ; Cyclone V                                          ;
; Device                          ; 5CGXFC7C6F23C7                                     ;
; Timing Models                   ; Final                                              ;
; Logic utilization (in ALMs)     ; 306 / 56,480 ( < 1 % )                             ;
; Total registers                 ; 256                                                ;
; Total pins                      ; 177 / 268 ( 66 % )                                 ;
; Total virtual pins              ; 0                                                  ;
; Total block memory bits         ; 73,728 / 7,024,640 ( 1 % )                         ;
; Total DSP Blocks                ; 5 / 156 ( 3 % )                                    ;
; Total HSSI RX PCSs              ; 0 / 6 ( 0 % )                                      ;
; Total HSSI PMA RX Deserializers ; 0 / 6 ( 0 % )                                      ;
; Total HSSI TX PCSs              ; 0 / 6 ( 0 % )                                      ;
; Total HSSI PMA TX Serializers   ; 0 / 6 ( 0 % )                                      ;
; Total PLLs                      ; 0 / 13 ( 0 % )                                     ;
; Total DLLs                      ; 0 / 4 ( 0 % )                                      ;
+---------------------------------+----------------------------------------------------+


+-----------------------------------------+
; Flow Settings                           ;
+-------------------+---------------------+
; Option            ; Setting             ;
+-------------------+---------------------+
; Start date & time ; 01/07/2024 15:15:54 ;
; Main task         ; Compilation         ;
; Revision Name     ; dut_quartus_2       ;
+-------------------+---------------------+


+------------------------------------------------------------------------------------------------------------------------------------------------+
; Flow Non-Default Global Settings                                                                                                               ;
+-------------------------------------+----------------------------------------+---------------+-------------+-----------------------------------+
; Assignment Name                     ; Value                                  ; Default Value ; Entity Name ; Section Id                        ;
+-------------------------------------+----------------------------------------+---------------+-------------+-----------------------------------+
; COMPILER_SIGNATURE_ID               ; 2485377892354.170461535400455          ; --            ; --          ; --                                ;
; EDA_GENERATE_FUNCTIONAL_NETLIST     ; Off                                    ; --            ; --          ; eda_board_design_timing           ;
; EDA_GENERATE_FUNCTIONAL_NETLIST     ; Off                                    ; --            ; --          ; eda_board_design_boundary_scan    ;
; EDA_GENERATE_FUNCTIONAL_NETLIST     ; Off                                    ; --            ; --          ; eda_board_design_signal_integrity ;
; EDA_GENERATE_FUNCTIONAL_NETLIST     ; Off                                    ; --            ; --          ; eda_board_design_symbol           ;
; EDA_OUTPUT_DATA_FORMAT              ; Verilog Hdl                            ; --            ; --          ; eda_simulation                    ;
; EDA_SIMULATION_TOOL                 ; Questa Intel FPGA (Verilog)            ; <None>        ; --          ; --                                ;
; EDA_TIME_SCALE                      ; 1 ps                                   ; --            ; --          ; eda_simulation                    ;
; MAX_CORE_JUNCTION_TEMP              ; 85                                     ; --            ; --          ; --                                ;
; MIN_CORE_JUNCTION_TEMP              ; 0                                      ; --            ; --          ; --                                ;
; PARTITION_COLOR                     ; -- (Not supported for targeted family) ; --            ; wrap        ; Top                               ;
; PARTITION_FITTER_PRESERVATION_LEVEL ; -- (Not supported for targeted family) ; --            ; wrap        ; Top                               ;
; PARTITION_NETLIST_TYPE              ; -- (Not supported for targeted family) ; --            ; wrap        ; Top                               ;
; PROJECT_OUTPUT_DIRECTORY            ; output_files                           ; --            ; --          ; --                                ;
; TOP_LEVEL_ENTITY                    ; wrap                                   ; dut_quartus_2 ; --          ; --                                ;
+-------------------------------------+----------------------------------------+---------------+-------------+-----------------------------------+


+--------------------------------------------------------------------------------------------------------------------------+
; Flow Elapsed Time                                                                                                        ;
+----------------------+--------------+-------------------------+---------------------+------------------------------------+
; Module Name          ; Elapsed Time ; Average Processors Used ; Peak Virtual Memory ; Total CPU Time (on all processors) ;
+----------------------+--------------+-------------------------+---------------------+------------------------------------+
; Analysis & Synthesis ; 00:00:12     ; 1.0                     ; 565 MB              ; 00:00:27                           ;
; Fitter               ; 00:01:28     ; 1.3                     ; 2880 MB             ; 00:04:22                           ;
; Assembler            ; 00:00:11     ; 1.0                     ; 536 MB              ; 00:00:10                           ;
; Timing Analyzer      ; 00:00:13     ; 2.0                     ; 1131 MB             ; 00:00:16                           ;
; EDA Netlist Writer   ; 00:00:01     ; 1.0                     ; 698 MB              ; 00:00:02                           ;
; Total                ; 00:02:05     ; --                      ; --                  ; 00:05:17                           ;
+----------------------+--------------+-------------------------+---------------------+------------------------------------+


+------------------------------------------------------------------------------------------+
; Flow OS Summary                                                                          ;
+----------------------+------------------+------------------+------------+----------------+
; Module Name          ; Machine Hostname ; OS Name          ; OS Version ; Processor type ;
+----------------------+------------------+------------------+------------+----------------+
; Analysis & Synthesis ; vmd20            ; Debian GNU/Linux ; 10         ; x86_64         ;
; Fitter               ; vmd20            ; Debian GNU/Linux ; 10         ; x86_64         ;
; Assembler            ; vmd20            ; Debian GNU/Linux ; 10         ; x86_64         ;
; Timing Analyzer      ; vmd20            ; Debian GNU/Linux ; 10         ; x86_64         ;
; EDA Netlist Writer   ; vmd20            ; Debian GNU/Linux ; 10         ; x86_64         ;
+----------------------+------------------+------------------+------------+----------------+


------------
; Flow Log ;
------------
quartus_map --read_settings_files=on --write_settings_files=off dut_quartus_2 -c dut_quartus_2
quartus_fit --read_settings_files=off --write_settings_files=off dut_quartus_2 -c dut_quartus_2
quartus_asm --read_settings_files=off --write_settings_files=off dut_quartus_2 -c dut_quartus_2
quartus_sta dut_quartus_2 -c dut_quartus_2
quartus_eda --read_settings_files=off --write_settings_files=off dut_quartus_2 -c dut_quartus_2



