Info: Start Nativelink Simulation process

========= EDA Simulation Settings =====================

Sim Mode              :  Gate
Family                :  cyclonev
Quartus root          :  /home/doe/intelFPGA_lite/18.1/quartus/linux64/
Quartus sim root      :  /home/doe/intelFPGA_lite/18.1/quartus/eda/sim_lib
Simulation Tool       :  modelsim-altera
Simulation Language   :  verilog
Simulation Mode       :  GUI
Sim Output File       :  butterfly.vo
Sim SDF file          :  butterfly__verilog.sdo
Sim dir               :  simulation/modelsim

=======================================================

Info: Starting NativeLink simulation with ModelSim-Altera software
Sourced NativeLink script /home/doe/intelFPGA_lite/18.1/quartus/common/tcl/internal/nativelink/modelsim.tcl
Warning: File butterfly_run_msim_gate_verilog.do already exists - backing up current file as butterfly_run_msim_gate_verilog.do.bak11
Probing transcript
ModelSim-Altera Info: # do butterfly_run_msim_gate_verilog.do
ModelSim-Altera Info: # if {[file exists gate_work]} {
ModelSim-Altera Info: # 	vdel -lib gate_work -all
ModelSim-Altera Info: # }
ModelSim-Altera Info: # vlib gate_work
ModelSim-Altera Info: # vmap work gate_work
ModelSim-Altera Info: # Model Technology ModelSim - Intel FPGA Edition vmap 10.5b Lib Mapping Utility 2016.10 Oct  5 2016
ModelSim-Altera Info: # vmap work gate_work 
ModelSim-Altera Info: # Copying /home/doe/intelFPGA_lite/18.1/modelsim_ase/linuxaloem/../modelsim.ini to modelsim.ini
ModelSim-Altera Info: # Modifying modelsim.ini
ModelSim-Altera Info: # 
ModelSim-Altera Info: # vlog -vlog01compat -work work +incdir+. {butterfly.vo}
ModelSim-Altera Info: # Model Technology ModelSim - Intel FPGA Edition vlog 10.5b Compiler 2016.10 Oct  5 2016
ModelSim-Altera Info: # Start time: 15:43:04 on Nov 20,2023
ModelSim-Altera Info: # vlog -reportprogress 300 -vlog01compat -work work "+incdir+." butterfly.vo 
ModelSim-Altera Info: # -- Compiling module butterfly
ModelSim-Altera Info: # 
ModelSim-Altera Info: # Top level modules:
ModelSim-Altera Info: # 	butterfly
ModelSim-Altera Info: # End time: 15:43:04 on Nov 20,2023, Elapsed time: 0:00:00
ModelSim-Altera Info: # Errors: 0, Warnings: 0
ModelSim-Altera Info: # 
ModelSim-Altera Info: # vlog -vlog01compat -work work +incdir+/home/doe/Downloads/BUKYBER {/home/doe/Downloads/BUKYBER/butb.v}
ModelSim-Altera Info: # Model Technology ModelSim - Intel FPGA Edition vlog 10.5b Compiler 2016.10 Oct  5 2016
ModelSim-Altera Info: # Start time: 15:43:04 on Nov 20,2023
ModelSim-Altera Info: # vlog -reportprogress 300 -vlog01compat -work work "+incdir+/home/doe/Downloads/BUKYBER" /home/doe/Downloads/BUKYBER/butb.v 
ModelSim-Altera Info: # -- Compiling module butb
ModelSim-Altera Info: # 
ModelSim-Altera Info: # Top level modules:
ModelSim-Altera Info: # 	butb
ModelSim-Altera Info: # End time: 15:43:04 on Nov 20,2023, Elapsed time: 0:00:00
ModelSim-Altera Info: # Errors: 0, Warnings: 0
ModelSim-Altera Info: # 
ModelSim-Altera Info: # vsim -t 1ps +transport_int_delays +transport_path_delays -L altera_ver -L altera_lnsim_ver -L cyclonev_ver -L lpm_ver -L sgate_ver -L cyclonev_hssi_ver -L altera_mf_ver -L cyclonev_pcie_hip_ver -L gate_work -L work -voptargs="+acc"  butb
ModelSim-Altera Info: # vsim -t 1ps "+transport_int_delays" "+transport_path_delays" -L altera_ver -L altera_lnsim_ver -L cyclonev_ver -L lpm_ver -L sgate_ver -L cyclonev_hssi_ver -L altera_mf_ver -L cyclonev_pcie_hip_ver -L gate_work -L work -voptargs=""+acc"" butb 
ModelSim-Altera Info: # Start time: 15:43:04 on Nov 20,2023
ModelSim-Altera Info: # Loading work.butb
ModelSim-Altera Info: # Loading work.butterfly
ModelSim-Altera Info: # Loading cyclonev_ver.cyclonev_io_obuf
ModelSim-Altera Info: # Loading cyclonev_ver.cyclonev_io_ibuf
ModelSim-Altera Info: # Loading cyclonev_ver.cyclonev_clkena
ModelSim-Altera Info: # Loading cyclonev_ver.cyclonev_lcell_comb
ModelSim-Altera Info: # Loading altera_ver.dffeas
ModelSim-Altera Info: # Loading cyclonev_ver.cyclonev_mac
ModelSim-Altera Info: # Loading altera_ver.PRIM_GDFF_LOW
ModelSim-Altera Warning: # ** Warning: (vsim-3016) butterfly.vo(1839): Port type is incompatible with connection (port 'ax').
ModelSim-Altera Info: #    Time: 0 ps  Iteration: 0  Instance: /butb/dut/\ibarrett|iMULT63|lpm_mult_component|auto_generated|Mult0~8  File: /build/swbuild/SJ/nightly/18.1std/625/l64/work/modelsim/eda/sim_lib/cyclonev_atoms.v
ModelSim-Altera Warning: # ** Warning: (vsim-3016) butterfly.vo(1839): Port type is incompatible with connection (port 'ax').
ModelSim-Altera Info: #    Time: 0 ps  Iteration: 0  Instance: /butb/dut/\ibarrett|iMULT63|lpm_mult_component|auto_generated|Mult0~8  File: /build/swbuild/SJ/nightly/18.1std/625/l64/work/modelsim/eda/sim_lib/cyclonev_atoms.v
ModelSim-Altera Warning: # ** Warning: (vsim-3016) butterfly.vo(1839): Port type is incompatible with connection (port 'ax').
ModelSim-Altera Info: #    Time: 0 ps  Iteration: 0  Instance: /butb/dut/\ibarrett|iMULT63|lpm_mult_component|auto_generated|Mult0~8  File: /build/swbuild/SJ/nightly/18.1std/625/l64/work/modelsim/eda/sim_lib/cyclonev_atoms.v
ModelSim-Altera Warning: # ** Warning: (vsim-3016) butterfly.vo(1839): Port type is incompatible with connection (port 'ax').
ModelSim-Altera Info: #    Time: 0 ps  Iteration: 0  Instance: /butb/dut/\ibarrett|iMULT63|lpm_mult_component|auto_generated|Mult0~8  File: /build/swbuild/SJ/nightly/18.1std/625/l64/work/modelsim/eda/sim_lib/cyclonev_atoms.v
ModelSim-Altera Warning: # ** Warning: (vsim-3015) butterfly.vo(1839): [PCDPC] - Port size (1) does not match connection size (26) for port 'az'. The port definition is at: /build/swbuild/SJ/nightly/18.1std/625/l64/work/modelsim/eda/sim_lib/cyclonev_atoms.v(4326).
ModelSim-Altera Info: #    Time: 0 ps  Iteration: 0  Instance: /butb/dut/\ibarrett|iMULT63|lpm_mult_component|auto_generated|Mult0~8  File: /build/swbuild/SJ/nightly/18.1std/625/l64/work/modelsim/eda/sim_lib/cyclonev_atoms.v
ModelSim-Altera Warning: # ** Warning: (vsim-3015) butterfly.vo(1839): [PCDPC] - Port size (16) does not match connection size (18) for port 'bx'. The port definition is at: /build/swbuild/SJ/nightly/18.1std/625/l64/work/modelsim/eda/sim_lib/cyclonev_atoms.v(4328).
ModelSim-Altera Info: #    Time: 0 ps  Iteration: 0  Instance: /butb/dut/\ibarrett|iMULT63|lpm_mult_component|auto_generated|Mult0~8  File: /build/swbuild/SJ/nightly/18.1std/625/l64/work/modelsim/eda/sim_lib/cyclonev_atoms.v
ModelSim-Altera Warning: # ** Warning: (vsim-3015) butterfly.vo(1839): [PCDPC] - Port size (16) does not match connection size (19) for port 'by'. The port definition is at: /build/swbuild/SJ/nightly/18.1std/625/l64/work/modelsim/eda/sim_lib/cyclonev_atoms.v(4329).
ModelSim-Altera Info: #    Time: 0 ps  Iteration: 0  Instance: /butb/dut/\ibarrett|iMULT63|lpm_mult_component|auto_generated|Mult0~8  File: /build/swbuild/SJ/nightly/18.1std/625/l64/work/modelsim/eda/sim_lib/cyclonev_atoms.v
ModelSim-Altera Warning: # ** Warning: (vsim-3015) butterfly.vo(1839): [PCDPC] - Port size (1) does not match connection size (18) for port 'bz'. The port definition is at: /build/swbuild/SJ/nightly/18.1std/625/l64/work/modelsim/eda/sim_lib/cyclonev_atoms.v(4330).
ModelSim-Altera Info: #    Time: 0 ps  Iteration: 0  Instance: /butb/dut/\ibarrett|iMULT63|lpm_mult_component|auto_generated|Mult0~8  File: /build/swbuild/SJ/nightly/18.1std/625/l64/work/modelsim/eda/sim_lib/cyclonev_atoms.v
ModelSim-Altera Warning: # ** Warning: (vsim-3015) butterfly.vo(1839): [PCDPC] - Port size (17) does not match connection size (27) for port 'scanin'. The port definition is at: /build/swbuild/SJ/nightly/18.1std/625/l64/work/modelsim/eda/sim_lib/cyclonev_atoms.v(4332).
ModelSim-Altera Info: #    Time: 0 ps  Iteration: 0  Instance: /butb/dut/\ibarrett|iMULT63|lpm_mult_component|auto_generated|Mult0~8  File: /build/swbuild/SJ/nightly/18.1std/625/l64/work/modelsim/eda/sim_lib/cyclonev_atoms.v
ModelSim-Altera Warning: # ** Warning: (vsim-3015) butterfly.vo(1839): [PCDPC] - Port size (64) does not match connection size (1) for port 'chainin'. The port definition is at: /build/swbuild/SJ/nightly/18.1std/625/l64/work/modelsim/eda/sim_lib/cyclonev_atoms.v(4333).
ModelSim-Altera Info: #    Time: 0 ps  Iteration: 0  Instance: /butb/dut/\ibarrett|iMULT63|lpm_mult_component|auto_generated|Mult0~8  File: /build/swbuild/SJ/nightly/18.1std/625/l64/work/modelsim/eda/sim_lib/cyclonev_atoms.v
ModelSim-Altera Warning: # ** Warning: (vsim-3015) <protected>(<protected>): [PCDPC] - Port size (<protected>) does not match connection size (<protected>) for <protected>.<protected>
ModelSim-Altera Info: #    Time: 0 ps  Iteration: 0  Protected: /butb/dut/\ibarrett|iMULT63|lpm_mult_component|auto_generated|Mult0~8 /inst/<protected> File: nofile
ModelSim-Altera Warning: # ** Warning: (vsim-3015) <protected>(<protected>): [PCDPC] - Port size (<protected>) does not match connection size (<protected>) for <protected>.<protected>
ModelSim-Altera Info: #    Time: 0 ps  Iteration: 0  Protected: /butb/dut/\ibarrett|iMULT63|lpm_mult_component|auto_generated|Mult0~8 /inst/<protected> File: nofile
ModelSim-Altera Warning: # ** Warning: (vsim-3015) butterfly.vo(3866): [PCDPC] - Port size (1) does not match connection size (26) for port 'az'. The port definition is at: /build/swbuild/SJ/nightly/18.1std/625/l64/work/modelsim/eda/sim_lib/cyclonev_atoms.v(4326).
ModelSim-Altera Info: #    Time: 0 ps  Iteration: 0  Instance: /butb/dut/\iMULT31|lpm_mult_component|auto_generated|Mult0~mac  File: /build/swbuild/SJ/nightly/18.1std/625/l64/work/modelsim/eda/sim_lib/cyclonev_atoms.v
ModelSim-Altera Warning: # ** Warning: (vsim-3015) butterfly.vo(3866): [PCDPC] - Port size (16) does not match connection size (18) for port 'bx'. The port definition is at: /build/swbuild/SJ/nightly/18.1std/625/l64/work/modelsim/eda/sim_lib/cyclonev_atoms.v(4328).
ModelSim-Altera Info: #    Time: 0 ps  Iteration: 0  Instance: /butb/dut/\iMULT31|lpm_mult_component|auto_generated|Mult0~mac  File: /build/swbuild/SJ/nightly/18.1std/625/l64/work/modelsim/eda/sim_lib/cyclonev_atoms.v
ModelSim-Altera Warning: # ** Warning: (vsim-3015) butterfly.vo(3866): [PCDPC] - Port size (16) does not match connection size (19) for port 'by'. The port definition is at: /build/swbuild/SJ/nightly/18.1std/625/l64/work/modelsim/eda/sim_lib/cyclonev_atoms.v(4329).
ModelSim-Altera Info: #    Time: 0 ps  Iteration: 0  Instance: /butb/dut/\iMULT31|lpm_mult_component|auto_generated|Mult0~mac  File: /build/swbuild/SJ/nightly/18.1std/625/l64/work/modelsim/eda/sim_lib/cyclonev_atoms.v
ModelSim-Altera Warning: # ** Warning: (vsim-3015) butterfly.vo(3866): [PCDPC] - Port size (1) does not match connection size (18) for port 'bz'. The port definition is at: /build/swbuild/SJ/nightly/18.1std/625/l64/work/modelsim/eda/sim_lib/cyclonev_atoms.v(4330).
ModelSim-Altera Info: #    Time: 0 ps  Iteration: 0  Instance: /butb/dut/\iMULT31|lpm_mult_component|auto_generated|Mult0~mac  File: /build/swbuild/SJ/nightly/18.1std/625/l64/work/modelsim/eda/sim_lib/cyclonev_atoms.v
ModelSim-Altera Warning: # ** Warning: (vsim-3015) butterfly.vo(3866): [PCDPC] - Port size (19) does not match connection size (27) for port 'scanin'. The port definition is at: /build/swbuild/SJ/nightly/18.1std/625/l64/work/modelsim/eda/sim_lib/cyclonev_atoms.v(4332).
ModelSim-Altera Info: #    Time: 0 ps  Iteration: 0  Instance: /butb/dut/\iMULT31|lpm_mult_component|auto_generated|Mult0~mac  File: /build/swbuild/SJ/nightly/18.1std/625/l64/work/modelsim/eda/sim_lib/cyclonev_atoms.v
ModelSim-Altera Warning: # ** Warning: (vsim-3015) butterfly.vo(3866): [PCDPC] - Port size (64) does not match connection size (1) for port 'chainin'. The port definition is at: /build/swbuild/SJ/nightly/18.1std/625/l64/work/modelsim/eda/sim_lib/cyclonev_atoms.v(4333).
ModelSim-Altera Info: #    Time: 0 ps  Iteration: 0  Instance: /butb/dut/\iMULT31|lpm_mult_component|auto_generated|Mult0~mac  File: /build/swbuild/SJ/nightly/18.1std/625/l64/work/modelsim/eda/sim_lib/cyclonev_atoms.v
ModelSim-Altera Warning: # ** Warning: (vsim-3015) <protected>(<protected>): [PCDPC] - Port size (<protected>) does not match connection size (<protected>) for <protected>.<protected>
ModelSim-Altera Info: #    Time: 0 ps  Iteration: 0  Protected: /butb/dut/\iMULT31|lpm_mult_component|auto_generated|Mult0~mac /inst/<protected> File: nofile
ModelSim-Altera Warning: # ** Warning: (vsim-3015) <protected>(<protected>): [PCDPC] - Port size (<protected>) does not match connection size (<protected>) for <protected>.<protected>
ModelSim-Altera Info: #    Time: 0 ps  Iteration: 0  Protected: /butb/dut/\iMULT31|lpm_mult_component|auto_generated|Mult0~mac /inst/<protected> File: nofile
ModelSim-Altera Warning: # ** Warning: (vsim-3016) butterfly.vo(6259): Port type is incompatible with connection (port 'ax').
ModelSim-Altera Info: #    Time: 0 ps  Iteration: 0  Instance: /butb/dut/\ibarrett|iMULT62|lpm_mult_component|auto_generated|Mult0~377  File: /build/swbuild/SJ/nightly/18.1std/625/l64/work/modelsim/eda/sim_lib/cyclonev_atoms.v
ModelSim-Altera Warning: # ** Warning: (vsim-3016) butterfly.vo(6259): Port type is incompatible with connection (port 'ax').
ModelSim-Altera Info: #    Time: 0 ps  Iteration: 0  Instance: /butb/dut/\ibarrett|iMULT62|lpm_mult_component|auto_generated|Mult0~377  File: /build/swbuild/SJ/nightly/18.1std/625/l64/work/modelsim/eda/sim_lib/cyclonev_atoms.v
ModelSim-Altera Warning: # ** Warning: (vsim-3016) butterfly.vo(6259): Port type is incompatible with connection (port 'ax').
ModelSim-Altera Info: #    Time: 0 ps  Iteration: 0  Instance: /butb/dut/\ibarrett|iMULT62|lpm_mult_component|auto_generated|Mult0~377  File: /build/swbuild/SJ/nightly/18.1std/625/l64/work/modelsim/eda/sim_lib/cyclonev_atoms.v
ModelSim-Altera Warning: # ** Warning: (vsim-3016) butterfly.vo(6259): Port type is incompatible with connection (port 'ax').
ModelSim-Altera Info: #    Time: 0 ps  Iteration: 0  Instance: /butb/dut/\ibarrett|iMULT62|lpm_mult_component|auto_generated|Mult0~377  File: /build/swbuild/SJ/nightly/18.1std/625/l64/work/modelsim/eda/sim_lib/cyclonev_atoms.v
ModelSim-Altera Warning: # ** Warning: (vsim-3016) butterfly.vo(6259): Port type is incompatible with connection (port 'ax').
ModelSim-Altera Info: #    Time: 0 ps  Iteration: 0  Instance: /butb/dut/\ibarrett|iMULT62|lpm_mult_component|auto_generated|Mult0~377  File: /build/swbuild/SJ/nightly/18.1std/625/l64/work/modelsim/eda/sim_lib/cyclonev_atoms.v
ModelSim-Altera Warning: # ** Warning: (vsim-3016) butterfly.vo(6259): Port type is incompatible with connection (port 'ax').
ModelSim-Altera Info: #    Time: 0 ps  Iteration: 0  Instance: /butb/dut/\ibarrett|iMULT62|lpm_mult_component|auto_generated|Mult0~377  File: /build/swbuild/SJ/nightly/18.1std/625/l64/work/modelsim/eda/sim_lib/cyclonev_atoms.v
ModelSim-Altera Warning: # ** Warning: (vsim-3016) butterfly.vo(6259): Port type is incompatible with connection (port 'ax').
ModelSim-Altera Info: #    Time: 0 ps  Iteration: 0  Instance: /butb/dut/\ibarrett|iMULT62|lpm_mult_component|auto_generated|Mult0~377  File: /build/swbuild/SJ/nightly/18.1std/625/l64/work/modelsim/eda/sim_lib/cyclonev_atoms.v
ModelSim-Altera Warning: # ** Warning: (vsim-3016) butterfly.vo(6259): Port type is incompatible with connection (port 'ax').
ModelSim-Altera Info: #    Time: 0 ps  Iteration: 0  Instance: /butb/dut/\ibarrett|iMULT62|lpm_mult_component|auto_generated|Mult0~377  File: /build/swbuild/SJ/nightly/18.1std/625/l64/work/modelsim/eda/sim_lib/cyclonev_atoms.v
ModelSim-Altera Warning: # ** Warning: (vsim-3016) butterfly.vo(6259): Port type is incompatible with connection (port 'ax').
ModelSim-Altera Info: #    Time: 0 ps  Iteration: 0  Instance: /butb/dut/\ibarrett|iMULT62|lpm_mult_component|auto_generated|Mult0~377  File: /build/swbuild/SJ/nightly/18.1std/625/l64/work/modelsim/eda/sim_lib/cyclonev_atoms.v
ModelSim-Altera Warning: # ** Warning: (vsim-3016) butterfly.vo(6259): Port type is incompatible with connection (port 'ax').
ModelSim-Altera Info: #    Time: 0 ps  Iteration: 0  Instance: /butb/dut/\ibarrett|iMULT62|lpm_mult_component|auto_generated|Mult0~377  File: /build/swbuild/SJ/nightly/18.1std/625/l64/work/modelsim/eda/sim_lib/cyclonev_atoms.v
ModelSim-Altera Warning: # ** Warning: (vsim-3016) butterfly.vo(6259): Port type is incompatible with connection (port 'ax').
ModelSim-Altera Info: #    Time: 0 ps  Iteration: 0  Instance: /butb/dut/\ibarrett|iMULT62|lpm_mult_component|auto_generated|Mult0~377  File: /build/swbuild/SJ/nightly/18.1std/625/l64/work/modelsim/eda/sim_lib/cyclonev_atoms.v
ModelSim-Altera Warning: # ** Warning: (vsim-3015) butterfly.vo(6259): [PCDPC] - Port size (1) does not match connection size (26) for port 'az'. The port definition is at: /build/swbuild/SJ/nightly/18.1std/625/l64/work/modelsim/eda/sim_lib/cyclonev_atoms.v(4326).
ModelSim-Altera Info: #    Time: 0 ps  Iteration: 0  Instance: /butb/dut/\ibarrett|iMULT62|lpm_mult_component|auto_generated|Mult0~377  File: /build/swbuild/SJ/nightly/18.1std/625/l64/work/modelsim/eda/sim_lib/cyclonev_atoms.v
ModelSim-Altera Warning: # ** Warning: (vsim-3015) butterfly.vo(6259): [PCDPC] - Port size (16) does not match connection size (18) for port 'bx'. The port definition is at: /build/swbuild/SJ/nightly/18.1std/625/l64/work/modelsim/eda/sim_lib/cyclonev_atoms.v(4328).
ModelSim-Altera Info: #    Time: 0 ps  Iteration: 0  Instance: /butb/dut/\ibarrett|iMULT62|lpm_mult_component|auto_generated|Mult0~377  File: /build/swbuild/SJ/nightly/18.1std/625/l64/work/modelsim/eda/sim_lib/cyclonev_atoms.v
ModelSim-Altera Warning: # ** Warning: (vsim-3015) butterfly.vo(6259): [PCDPC] - Port size (16) does not match connection size (19) for port 'by'. The port definition is at: /build/swbuild/SJ/nightly/18.1std/625/l64/work/modelsim/eda/sim_lib/cyclonev_atoms.v(4329).
ModelSim-Altera Info: #    Time: 0 ps  Iteration: 0  Instance: /butb/dut/\ibarrett|iMULT62|lpm_mult_component|auto_generated|Mult0~377  File: /build/swbuild/SJ/nightly/18.1std/625/l64/work/modelsim/eda/sim_lib/cyclonev_atoms.v
ModelSim-Altera Warning: # ** Warning: (vsim-3015) butterfly.vo(6259): [PCDPC] - Port size (1) does not match connection size (18) for port 'bz'. The port definition is at: /build/swbuild/SJ/nightly/18.1std/625/l64/work/modelsim/eda/sim_lib/cyclonev_atoms.v(4330).
ModelSim-Altera Info: #    Time: 0 ps  Iteration: 0  Instance: /butb/dut/\ibarrett|iMULT62|lpm_mult_component|auto_generated|Mult0~377  File: /build/swbuild/SJ/nightly/18.1std/625/l64/work/modelsim/eda/sim_lib/cyclonev_atoms.v
ModelSim-Altera Warning: # ** Warning: (vsim-3015) butterfly.vo(6259): [PCDPC] - Port size (18) does not match connection size (27) for port 'scanin'. The port definition is at: /build/swbuild/SJ/nightly/18.1std/625/l64/work/modelsim/eda/sim_lib/cyclonev_atoms.v(4332).
ModelSim-Altera Info: #    Time: 0 ps  Iteration: 0  Instance: /butb/dut/\ibarrett|iMULT62|lpm_mult_component|auto_generated|Mult0~377  File: /build/swbuild/SJ/nightly/18.1std/625/l64/work/modelsim/eda/sim_lib/cyclonev_atoms.v
ModelSim-Altera Warning: # ** Warning: (vsim-3015) butterfly.vo(6259): [PCDPC] - Port size (64) does not match connection size (1) for port 'chainin'. The port definition is at: /build/swbuild/SJ/nightly/18.1std/625/l64/work/modelsim/eda/sim_lib/cyclonev_atoms.v(4333).
ModelSim-Altera Info: #    Time: 0 ps  Iteration: 0  Instance: /butb/dut/\ibarrett|iMULT62|lpm_mult_component|auto_generated|Mult0~377  File: /build/swbuild/SJ/nightly/18.1std/625/l64/work/modelsim/eda/sim_lib/cyclonev_atoms.v
ModelSim-Altera Warning: # ** Warning: (vsim-3015) <protected>(<protected>): [PCDPC] - Port size (<protected>) does not match connection size (<protected>) for <protected>.<protected>
ModelSim-Altera Info: #    Time: 0 ps  Iteration: 0  Protected: /butb/dut/\ibarrett|iMULT62|lpm_mult_component|auto_generated|Mult0~377 /inst/<protected> File: nofile
ModelSim-Altera Warning: # ** Warning: (vsim-3015) <protected>(<protected>): [PCDPC] - Port size (<protected>) does not match connection size (<protected>) for <protected>.<protected>
ModelSim-Altera Info: #    Time: 0 ps  Iteration: 0  Protected: /butb/dut/\ibarrett|iMULT62|lpm_mult_component|auto_generated|Mult0~377 /inst/<protected> File: nofile
ModelSim-Altera Warning: # ** Warning: (vsim-3016) butterfly.vo(6766): Port type is incompatible with connection (port 'ay').
ModelSim-Altera Info: #    Time: 0 ps  Iteration: 0  Instance: /butb/dut/\ibarrett|iMULT62|lpm_mult_component|auto_generated|Mult0~36  File: /build/swbuild/SJ/nightly/18.1std/625/l64/work/modelsim/eda/sim_lib/cyclonev_atoms.v
ModelSim-Altera Warning: # ** Warning: (vsim-3016) butterfly.vo(6766): Port type is incompatible with connection (port 'ay').
ModelSim-Altera Info: #    Time: 0 ps  Iteration: 0  Instance: /butb/dut/\ibarrett|iMULT62|lpm_mult_component|auto_generated|Mult0~36  File: /build/swbuild/SJ/nightly/18.1std/625/l64/work/modelsim/eda/sim_lib/cyclonev_atoms.v
ModelSim-Altera Warning: # ** Warning: (vsim-3016) butterfly.vo(6766): Port type is incompatible with connection (port 'ay').
ModelSim-Altera Info: #    Time: 0 ps  Iteration: 0  Instance: /butb/dut/\ibarrett|iMULT62|lpm_mult_component|auto_generated|Mult0~36  File: /build/swbuild/SJ/nightly/18.1std/625/l64/work/modelsim/eda/sim_lib/cyclonev_atoms.v
ModelSim-Altera Warning: # ** Warning: (vsim-3016) butterfly.vo(6766): Port type is incompatible with connection (port 'ay').
ModelSim-Altera Info: #    Time: 0 ps  Iteration: 0  Instance: /butb/dut/\ibarrett|iMULT62|lpm_mult_component|auto_generated|Mult0~36  File: /build/swbuild/SJ/nightly/18.1std/625/l64/work/modelsim/eda/sim_lib/cyclonev_atoms.v
ModelSim-Altera Warning: # ** Warning: (vsim-3016) butterfly.vo(6766): Port type is incompatible with connection (port 'ay').
ModelSim-Altera Info: #    Time: 0 ps  Iteration: 0  Instance: /butb/dut/\ibarrett|iMULT62|lpm_mult_component|auto_generated|Mult0~36  File: /build/swbuild/SJ/nightly/18.1std/625/l64/work/modelsim/eda/sim_lib/cyclonev_atoms.v
ModelSim-Altera Warning: # ** Warning: (vsim-3016) butterfly.vo(6766): Port type is incompatible with connection (port 'ay').
ModelSim-Altera Info: #    Time: 0 ps  Iteration: 0  Instance: /butb/dut/\ibarrett|iMULT62|lpm_mult_component|auto_generated|Mult0~36  File: /build/swbuild/SJ/nightly/18.1std/625/l64/work/modelsim/eda/sim_lib/cyclonev_atoms.v
ModelSim-Altera Warning: # ** Warning: (vsim-3016) butterfly.vo(6766): Port type is incompatible with connection (port 'ay').
ModelSim-Altera Info: #    Time: 0 ps  Iteration: 0  Instance: /butb/dut/\ibarrett|iMULT62|lpm_mult_component|auto_generated|Mult0~36  File: /build/swbuild/SJ/nightly/18.1std/625/l64/work/modelsim/eda/sim_lib/cyclonev_atoms.v
ModelSim-Altera Warning: # ** Warning: (vsim-3016) butterfly.vo(6766): Port type is incompatible with connection (port 'ay').
ModelSim-Altera Info: #    Time: 0 ps  Iteration: 0  Instance: /butb/dut/\ibarrett|iMULT62|lpm_mult_component|auto_generated|Mult0~36  File: /build/swbuild/SJ/nightly/18.1std/625/l64/work/modelsim/eda/sim_lib/cyclonev_atoms.v
ModelSim-Altera Warning: # ** Warning: (vsim-3016) butterfly.vo(6766): Port type is incompatible with connection (port 'ay').
ModelSim-Altera Info: #    Time: 0 ps  Iteration: 0  Instance: /butb/dut/\ibarrett|iMULT62|lpm_mult_component|auto_generated|Mult0~36  File: /build/swbuild/SJ/nightly/18.1std/625/l64/work/modelsim/eda/sim_lib/cyclonev_atoms.v
ModelSim-Altera Warning: # ** Warning: (vsim-3016) butterfly.vo(6766): Port type is incompatible with connection (port 'ay').
ModelSim-Altera Info: #    Time: 0 ps  Iteration: 0  Instance: /butb/dut/\ibarrett|iMULT62|lpm_mult_component|auto_generated|Mult0~36  File: /build/swbuild/SJ/nightly/18.1std/625/l64/work/modelsim/eda/sim_lib/cyclonev_atoms.v
ModelSim-Altera Warning: # ** Warning: (vsim-3016) butterfly.vo(6766): Port type is incompatible with connection (port 'ay').
ModelSim-Altera Info: #    Time: 0 ps  Iteration: 0  Instance: /butb/dut/\ibarrett|iMULT62|lpm_mult_component|auto_generated|Mult0~36  File: /build/swbuild/SJ/nightly/18.1std/625/l64/work/modelsim/eda/sim_lib/cyclonev_atoms.v
ModelSim-Altera Warning: # ** Warning: (vsim-3015) butterfly.vo(6766): [PCDPC] - Port size (1) does not match connection size (26) for port 'az'. The port definition is at: /build/swbuild/SJ/nightly/18.1std/625/l64/work/modelsim/eda/sim_lib/cyclonev_atoms.v(4326).
ModelSim-Altera Info: #    Time: 0 ps  Iteration: 0  Instance: /butb/dut/\ibarrett|iMULT62|lpm_mult_component|auto_generated|Mult0~36  File: /build/swbuild/SJ/nightly/18.1std/625/l64/work/modelsim/eda/sim_lib/cyclonev_atoms.v
ModelSim-Altera Warning: # ** Warning: (vsim-3015) butterfly.vo(6766): [PCDPC] - Port size (1) does not match connection size (18) for port 'bz'. The port definition is at: /build/swbuild/SJ/nightly/18.1std/625/l64/work/modelsim/eda/sim_lib/cyclonev_atoms.v(4330).
ModelSim-Altera Info: #    Time: 0 ps  Iteration: 0  Instance: /butb/dut/\ibarrett|iMULT62|lpm_mult_component|auto_generated|Mult0~36  File: /build/swbuild/SJ/nightly/18.1std/625/l64/work/modelsim/eda/sim_lib/cyclonev_atoms.v
ModelSim-Altera Warning: # ** Warning: (vsim-3015) butterfly.vo(6766): [PCDPC] - Port size (17) does not match connection size (27) for port 'scanin'. The port definition is at: /build/swbuild/SJ/nightly/18.1std/625/l64/work/modelsim/eda/sim_lib/cyclonev_atoms.v(4332).
ModelSim-Altera Info: #    Time: 0 ps  Iteration: 0  Instance: /butb/dut/\ibarrett|iMULT62|lpm_mult_component|auto_generated|Mult0~36  File: /build/swbuild/SJ/nightly/18.1std/625/l64/work/modelsim/eda/sim_lib/cyclonev_atoms.v
ModelSim-Altera Warning: # ** Warning: (vsim-3015) butterfly.vo(6766): [PCDPC] - Port size (64) does not match connection size (1) for port 'chainin'. The port definition is at: /build/swbuild/SJ/nightly/18.1std/625/l64/work/modelsim/eda/sim_lib/cyclonev_atoms.v(4333).
ModelSim-Altera Info: #    Time: 0 ps  Iteration: 0  Instance: /butb/dut/\ibarrett|iMULT62|lpm_mult_component|auto_generated|Mult0~36  File: /build/swbuild/SJ/nightly/18.1std/625/l64/work/modelsim/eda/sim_lib/cyclonev_atoms.v
ModelSim-Altera Warning: # ** Warning: (vsim-3015) <protected>(<protected>): [PCDPC] - Port size (<protected>) does not match connection size (<protected>) for <protected>.<protected>
ModelSim-Altera Info: #    Time: 0 ps  Iteration: 0  Protected: /butb/dut/\ibarrett|iMULT62|lpm_mult_component|auto_generated|Mult0~36 /inst/<protected> File: nofile
ModelSim-Altera Warning: # ** Warning: (vsim-3015) <protected>(<protected>): [PCDPC] - Port size (<protected>) does not match connection size (<protected>) for <protected>.<protected>
ModelSim-Altera Info: #    Time: 0 ps  Iteration: 0  Protected: /butb/dut/\ibarrett|iMULT62|lpm_mult_component|auto_generated|Mult0~36 /inst/<protected> File: nofile
ModelSim-Altera Info: # 
ModelSim-Altera Info: # add wave *
ModelSim-Altera Info: # view structure
ModelSim-Altera Info: # .main_pane.structure.interior.cs.body.struct
ModelSim-Altera Info: # view signals
ModelSim-Altera Info: # .main_pane.objects.interior.cs.body.tree
ModelSim-Altera Info: # run -all
ModelSim-Altera Warning: # ** Warning: (vsim-3116) Problem reading symbols from linux-gate.so.1 : can not open ELF file.
ModelSim-Altera Warning: # ** Warning: (vsim-3116) Problem reading symbols from /lib/i386-linux-gnu/libpthread.so.0 : module was loaded at an absolute address.
ModelSim-Altera Warning: # ** Warning: (vsim-3116) Problem reading symbols from /lib/i386-linux-gnu/librt.so.1 : module was loaded at an absolute address.
ModelSim-Altera Warning: # ** Warning: (vsim-3116) Problem reading symbols from /lib/i386-linux-gnu/libdl.so.2 : module was loaded at an absolute address.
ModelSim-Altera Warning: # ** Warning: (vsim-3116) Problem reading symbols from /lib/i386-linux-gnu/libm.so.6 : module was loaded at an absolute address.
ModelSim-Altera Warning: # ** Warning: (vsim-3116) Problem reading symbols from /lib/i386-linux-gnu/libc.so.6 : module was loaded at an absolute address.
ModelSim-Altera Warning: # ** Warning: (vsim-3116) Problem reading symbols from /lib/ld-linux.so.2 : module was loaded at an absolute address.
ModelSim-Altera Info: # ** Note: $finish    : /home/doe/Downloads/BUKYBER/butb.v(118)
ModelSim-Altera Info: #    Time: 1450 ns  Iteration: 0  Instance: /butb
ModelSim-Altera Info: # 1
ModelSim-Altera Info: # Break in Module butb at /home/doe/Downloads/BUKYBER/butb.v line 118
ModelSim-Altera Info: # End time: 16:10:12 on Nov 20,2023, Elapsed time: 0:27:08
ModelSim-Altera Info: # Errors: 0, Warnings: 63
Info: NativeLink simulation flow was successful
