Analysis & Synthesis report for buquartus
Sun Jan  7 00:48:12 2024
Quartus Prime Version 22.1std.0 Build 915 10/25/2022 SC Standard Edition


---------------------
; Table of Contents ;
---------------------
  1. Legal Notice
  2. Analysis & Synthesis Summary
  3. Analysis & Synthesis Settings
  4. Parallel Compilation
  5. Analysis & Synthesis Source Files Read
  6. Analysis & Synthesis Resource Usage Summary
  7. Analysis & Synthesis Resource Utilization by Entity
  8. Analysis & Synthesis DSP Block Usage Summary
  9. General Register Statistics
 10. Multiplexer Restructuring Statistics (Restructuring Performed)
 11. Parameter Settings for User Entity Instance: mont_reduce:imont_reduce
 12. Parameter Settings for User Entity Instance: barret_reduce:ibarret_reduce
 13. Port Connectivity Checks: "mux_xx2:imux_xx22"
 14. Port Connectivity Checks: "mux_xx2:imux_xx21"
 15. Port Connectivity Checks: "BKmodSUB:iBKmodSUB|xor16SUB:ixor16SUB_1"
 16. Port Connectivity Checks: "BKmodSUB:iBKmodSUB|GrayCell:blockr1c1"
 17. Port Connectivity Checks: "BKmodSUB:iBKmodSUB|pg16SUB:ipg16SUB1"
 18. Port Connectivity Checks: "BKmodADD:iBKmodADD|xor16SUM:ixor16SUM_1"
 19. Port Connectivity Checks: "BKmodADD:iBKmodADD|GrayCell:blockr1c1"
 20. Port Connectivity Checks: "BKmodADD:iBKmodADD|pg16SUM:ipg16SUM1"
 21. Post-Synthesis Netlist Statistics for Top Partition
 22. Elapsed Time Per Partition
 23. Analysis & Synthesis Messages



----------------
; Legal Notice ;
----------------
Copyright (C) 2022  Intel Corporation. All rights reserved.
Your use of Intel Corporation's design tools, logic functions 
and other software and tools, and any partner logic 
functions, and any output files from any of the foregoing 
(including device programming or simulation files), and any 
associated documentation or information are expressly subject 
to the terms and conditions of the Intel Program License 
Subscription Agreement, the Intel Quartus Prime License Agreement,
the Intel FPGA IP License Agreement, or other applicable license
agreement, including, without limitation, that your use is for
the sole purpose of programming logic devices manufactured by
Intel and sold by Intel or its authorized distributors.  Please
refer to the applicable agreement for further details, at
https://fpgasoftware.intel.com/eula.



+--------------------------------------------------------------------------------------+
; Analysis & Synthesis Summary                                                         ;
+---------------------------------+----------------------------------------------------+
; Analysis & Synthesis Status     ; Successful - Sun Jan  7 00:48:12 2024              ;
; Quartus Prime Version           ; 22.1std.0 Build 915 10/25/2022 SC Standard Edition ;
; Revision Name                   ; buquartus                                          ;
; Top-level Entity Name           ; butterfly                                          ;
; Family                          ; Cyclone V                                          ;
; Logic utilization (in ALMs)     ; N/A                                                ;
; Total registers                 ; 0                                                  ;
; Total pins                      ; 83                                                 ;
; Total virtual pins              ; 0                                                  ;
; Total block memory bits         ; 0                                                  ;
; Total DSP Blocks                ; 5                                                  ;
; Total HSSI RX PCSs              ; 0                                                  ;
; Total HSSI PMA RX Deserializers ; 0                                                  ;
; Total HSSI TX PCSs              ; 0                                                  ;
; Total HSSI PMA TX Serializers   ; 0                                                  ;
; Total PLLs                      ; 0                                                  ;
; Total DLLs                      ; 0                                                  ;
+---------------------------------+----------------------------------------------------+


+---------------------------------------------------------------------------------------------------------------------------+
; Analysis & Synthesis Settings                                                                                             ;
+---------------------------------------------------------------------------------+--------------------+--------------------+
; Option                                                                          ; Setting            ; Default Value      ;
+---------------------------------------------------------------------------------+--------------------+--------------------+
; Device                                                                          ; 5CGXFC7C6F23C7     ;                    ;
; Top-level entity name                                                           ; butterfly          ; buquartus          ;
; Family name                                                                     ; Cyclone V          ; Cyclone V          ;
; Use smart compilation                                                           ; Off                ; Off                ;
; Enable parallel Assembler and Timing Analyzer during compilation                ; On                 ; On                 ;
; Enable compact report table                                                     ; Off                ; Off                ;
; Restructure Multiplexers                                                        ; Auto               ; Auto               ;
; MLAB Add Timing Constraints For Mixed-Port Feed-Through Mode Setting Don't Care ; Off                ; Off                ;
; Create Debugging Nodes for IP Cores                                             ; Off                ; Off                ;
; Preserve fewer node names                                                       ; On                 ; On                 ;
; Intel FPGA IP Evaluation Mode                                                   ; Enable             ; Enable             ;
; Verilog Version                                                                 ; Verilog_2001       ; Verilog_2001       ;
; VHDL Version                                                                    ; VHDL_1993          ; VHDL_1993          ;
; State Machine Processing                                                        ; Auto               ; Auto               ;
; Safe State Machine                                                              ; Off                ; Off                ;
; Extract Verilog State Machines                                                  ; On                 ; On                 ;
; Extract VHDL State Machines                                                     ; On                 ; On                 ;
; Ignore Verilog initial constructs                                               ; Off                ; Off                ;
; Iteration limit for constant Verilog loops                                      ; 5000               ; 5000               ;
; Iteration limit for non-constant Verilog loops                                  ; 250                ; 250                ;
; Add Pass-Through Logic to Inferred RAMs                                         ; On                 ; On                 ;
; Infer RAMs from Raw Logic                                                       ; On                 ; On                 ;
; Parallel Synthesis                                                              ; On                 ; On                 ;
; DSP Block Balancing                                                             ; Auto               ; Auto               ;
; NOT Gate Push-Back                                                              ; On                 ; On                 ;
; Power-Up Don't Care                                                             ; On                 ; On                 ;
; Remove Redundant Logic Cells                                                    ; Off                ; Off                ;
; Remove Duplicate Registers                                                      ; On                 ; On                 ;
; Ignore CARRY Buffers                                                            ; Off                ; Off                ;
; Ignore CASCADE Buffers                                                          ; Off                ; Off                ;
; Ignore GLOBAL Buffers                                                           ; Off                ; Off                ;
; Ignore ROW GLOBAL Buffers                                                       ; Off                ; Off                ;
; Ignore LCELL Buffers                                                            ; Off                ; Off                ;
; Ignore SOFT Buffers                                                             ; On                 ; On                 ;
; Limit AHDL Integers to 32 Bits                                                  ; Off                ; Off                ;
; Optimization Technique                                                          ; Balanced           ; Balanced           ;
; Carry Chain Length                                                              ; 70                 ; 70                 ;
; Auto Carry Chains                                                               ; On                 ; On                 ;
; Auto Open-Drain Pins                                                            ; On                 ; On                 ;
; Perform WYSIWYG Primitive Resynthesis                                           ; Off                ; Off                ;
; Auto ROM Replacement                                                            ; On                 ; On                 ;
; Auto RAM Replacement                                                            ; On                 ; On                 ;
; Auto DSP Block Replacement                                                      ; On                 ; On                 ;
; Auto Shift Register Replacement                                                 ; Auto               ; Auto               ;
; Allow Shift Register Merging across Hierarchies                                 ; Auto               ; Auto               ;
; Auto Clock Enable Replacement                                                   ; On                 ; On                 ;
; Strict RAM Replacement                                                          ; Off                ; Off                ;
; Allow Synchronous Control Signals                                               ; On                 ; On                 ;
; Force Use of Synchronous Clear Signals                                          ; Off                ; Off                ;
; Auto Resource Sharing                                                           ; Off                ; Off                ;
; Allow Any RAM Size For Recognition                                              ; Off                ; Off                ;
; Allow Any ROM Size For Recognition                                              ; Off                ; Off                ;
; Allow Any Shift Register Size For Recognition                                   ; Off                ; Off                ;
; Use LogicLock Constraints during Resource Balancing                             ; On                 ; On                 ;
; Ignore translate_off and synthesis_off directives                               ; Off                ; Off                ;
; Timing-Driven Synthesis                                                         ; On                 ; On                 ;
; Report Parameter Settings                                                       ; On                 ; On                 ;
; Report Source Assignments                                                       ; On                 ; On                 ;
; Report Connectivity Checks                                                      ; On                 ; On                 ;
; Ignore Maximum Fan-Out Assignments                                              ; Off                ; Off                ;
; Synchronization Register Chain Length                                           ; 3                  ; 3                  ;
; Power Optimization During Synthesis                                             ; Normal compilation ; Normal compilation ;
; HDL message level                                                               ; Level2             ; Level2             ;
; Suppress Register Optimization Related Messages                                 ; Off                ; Off                ;
; Number of Removed Registers Reported in Synthesis Report                        ; 5000               ; 5000               ;
; Number of Swept Nodes Reported in Synthesis Report                              ; 5000               ; 5000               ;
; Number of Inverted Registers Reported in Synthesis Report                       ; 100                ; 100                ;
; Clock MUX Protection                                                            ; On                 ; On                 ;
; Auto Gated Clock Conversion                                                     ; Off                ; Off                ;
; Block Design Naming                                                             ; Auto               ; Auto               ;
; SDC constraint protection                                                       ; Off                ; Off                ;
; Synthesis Effort                                                                ; Auto               ; Auto               ;
; Shift Register Replacement - Allow Asynchronous Clear Signal                    ; On                 ; On                 ;
; Pre-Mapping Resynthesis Optimization                                            ; Off                ; Off                ;
; Analysis & Synthesis Message Level                                              ; Medium             ; Medium             ;
; Disable Register Merging Across Hierarchies                                     ; Auto               ; Auto               ;
; Resource Aware Inference For Block RAM                                          ; On                 ; On                 ;
; Automatic Parallel Synthesis                                                    ; On                 ; On                 ;
; Partial Reconfiguration Bitstream ID                                            ; Off                ; Off                ;
+---------------------------------------------------------------------------------+--------------------+--------------------+


+------------------------------------------+
; Parallel Compilation                     ;
+----------------------------+-------------+
; Processors                 ; Number      ;
+----------------------------+-------------+
; Number detected on machine ; 56          ;
; Maximum allowed            ; 13          ;
;                            ;             ;
; Average used               ; 1.00        ;
; Maximum used               ; 8           ;
;                            ;             ;
; Usage by Processor         ; % Time Used ;
;     Processor 1            ; 100.0%      ;
;     Processor 2            ;   0.0%      ;
;     Processor 3            ;   0.0%      ;
;     Processor 4            ;   0.0%      ;
;     Processor 5            ;   0.0%      ;
;     Processor 6            ;   0.0%      ;
;     Processor 7            ;   0.0%      ;
;     Processor 8            ;   0.0%      ;
+----------------------------+-------------+


+--------------------------------------------------------------------------------------------------------------------------------------------------------+
; Analysis & Synthesis Source Files Read                                                                                                                 ;
+----------------------------------+-----------------+-----------------------------+-----------------------------------------------------------+---------+
; File Name with User-Entered Path ; Used in Netlist ; File Type                   ; File Name with Absolute Path                              ; Library ;
+----------------------------------+-----------------+-----------------------------+-----------------------------------------------------------+---------+
; ../rtl/butterfly/mux_xx2.v       ; yes             ; User Verilog HDL File       ; /home/haka/Desktop/KyberV11/rtl/butterfly/mux_xx2.v       ;         ;
; ../rtl/butterfly/MULT3_bb.v      ; yes             ; User Wizard-Generated File  ; /home/haka/Desktop/KyberV11/rtl/butterfly/MULT3_bb.v      ;         ;
; ../rtl/butterfly/mont_reduce.v   ; yes             ; User Verilog HDL File       ; /home/haka/Desktop/KyberV11/rtl/butterfly/mont_reduce.v   ;         ;
; ../rtl/butterfly/GrayCell.v      ; yes             ; User Verilog HDL File       ; /home/haka/Desktop/KyberV11/rtl/butterfly/GrayCell.v      ;         ;
; ../rtl/butterfly/butterfly.v     ; yes             ; User Verilog HDL File       ; /home/haka/Desktop/KyberV11/rtl/butterfly/butterfly.v     ;         ;
; ../rtl/butterfly/BlackCell.v     ; yes             ; User Verilog HDL File       ; /home/haka/Desktop/KyberV11/rtl/butterfly/BlackCell.v     ;         ;
; ../rtl/butterfly/BKmodSUB.v      ; yes             ; User Verilog HDL File       ; /home/haka/Desktop/KyberV11/rtl/butterfly/BKmodSUB.v      ;         ;
; ../rtl/butterfly/BKmodADD.v      ; yes             ; User Verilog HDL File       ; /home/haka/Desktop/KyberV11/rtl/butterfly/BKmodADD.v      ;         ;
; ../rtl/butterfly/barret_reduce.v ; yes             ; User Verilog HDL File       ; /home/haka/Desktop/KyberV11/rtl/butterfly/barret_reduce.v ;         ;
+----------------------------------+-----------------+-----------------------------+-----------------------------------------------------------+---------+


+-------------------------------------------------------------+
; Analysis & Synthesis Resource Usage Summary                 ;
+---------------------------------------------+---------------+
; Resource                                    ; Usage         ;
+---------------------------------------------+---------------+
; Estimate of Logic utilization (ALMs needed) ; 92            ;
;                                             ;               ;
; Combinational ALUT usage for logic          ; 148           ;
;     -- 7 input functions                    ; 2             ;
;     -- 6 input functions                    ; 33            ;
;     -- 5 input functions                    ; 47            ;
;     -- 4 input functions                    ; 38            ;
;     -- <=3 input functions                  ; 28            ;
;                                             ;               ;
; Dedicated logic registers                   ; 0             ;
;                                             ;               ;
; I/O pins                                    ; 83            ;
;                                             ;               ;
; Total DSP Blocks                            ; 5             ;
;                                             ;               ;
; Maximum fan-out node                        ; mode[0]~input ;
; Maximum fan-out                             ; 63            ;
; Total fan-out                               ; 860           ;
; Average fan-out                             ; 2.70          ;
+---------------------------------------------+---------------+


+--------------------------------------------------------------------------------------------------------------------------------------------------------------------------------------------------------------------------------+
; Analysis & Synthesis Resource Utilization by Entity                                                                                                                                                                            ;
+-----------------------------------+---------------------+---------------------------+-------------------+------------+------+--------------+----------------------------------------------------+---------------+--------------+
; Compilation Hierarchy Node        ; Combinational ALUTs ; Dedicated Logic Registers ; Block Memory Bits ; DSP Blocks ; Pins ; Virtual Pins ; Full Hierarchy Name                                ; Entity Name   ; Library Name ;
+-----------------------------------+---------------------+---------------------------+-------------------+------------+------+--------------+----------------------------------------------------+---------------+--------------+
; |butterfly                        ; 148 (39)            ; 0 (0)                     ; 0                 ; 5          ; 83   ; 0            ; |butterfly                                         ; butterfly     ; work         ;
;    |BKmodADD:iBKmodADD|           ; 42 (0)              ; 0 (0)                     ; 0                 ; 0          ; 0    ; 0            ; |butterfly|BKmodADD:iBKmodADD                      ; BKmodADD      ; work         ;
;       |BlackCell:blockr1c11|      ; 1 (1)               ; 0 (0)                     ; 0                 ; 0          ; 0    ; 0            ; |butterfly|BKmodADD:iBKmodADD|BlackCell:blockr1c11 ; BlackCell     ; work         ;
;       |BlackCell:blockr1c5|       ; 1 (1)               ; 0 (0)                     ; 0                 ; 0          ; 0    ; 0            ; |butterfly|BKmodADD:iBKmodADD|BlackCell:blockr1c5  ; BlackCell     ; work         ;
;       |BlackCell:blockr2c11|      ; 1 (1)               ; 0 (0)                     ; 0                 ; 0          ; 0    ; 0            ; |butterfly|BKmodADD:iBKmodADD|BlackCell:blockr2c11 ; BlackCell     ; work         ;
;       |GrayCell:blockr3c7|        ; 2 (2)               ; 0 (0)                     ; 0                 ; 0          ; 0    ; 0            ; |butterfly|BKmodADD:iBKmodADD|GrayCell:blockr3c7   ; GrayCell      ; work         ;
;       |GrayCell:blockr5c13|       ; 1 (1)               ; 0 (0)                     ; 0                 ; 0          ; 0    ; 0            ; |butterfly|BKmodADD:iBKmodADD|GrayCell:blockr5c13  ; GrayCell      ; work         ;
;       |GrayCell:blockr5c5|        ; 2 (2)               ; 0 (0)                     ; 0                 ; 0          ; 0    ; 0            ; |butterfly|BKmodADD:iBKmodADD|GrayCell:blockr5c5   ; GrayCell      ; work         ;
;       |GrayCell:blockr5c9|        ; 2 (2)               ; 0 (0)                     ; 0                 ; 0          ; 0    ; 0            ; |butterfly|BKmodADD:iBKmodADD|GrayCell:blockr5c9   ; GrayCell      ; work         ;
;       |GrayCell:blockr6c11|       ; 3 (3)               ; 0 (0)                     ; 0                 ; 0          ; 0    ; 0            ; |butterfly|BKmodADD:iBKmodADD|GrayCell:blockr6c11  ; GrayCell      ; work         ;
;       |GrayCell:blockr6c14|       ; 1 (1)               ; 0 (0)                     ; 0                 ; 0          ; 0    ; 0            ; |butterfly|BKmodADD:iBKmodADD|GrayCell:blockr6c14  ; GrayCell      ; work         ;
;       |pg16SUM:ipg16SUM1|         ; 12 (12)             ; 0 (0)                     ; 0                 ; 0          ; 0    ; 0            ; |butterfly|BKmodADD:iBKmodADD|pg16SUM:ipg16SUM1    ; pg16SUM       ; work         ;
;       |xor16SUM:ixor16SUM_1|      ; 16 (16)             ; 0 (0)                     ; 0                 ; 0          ; 0    ; 0            ; |butterfly|BKmodADD:iBKmodADD|xor16SUM:ixor16SUM_1 ; xor16SUM      ; work         ;
;    |BKmodSUB:iBKmodSUB|           ; 28 (0)              ; 0 (0)                     ; 0                 ; 0          ; 0    ; 0            ; |butterfly|BKmodSUB:iBKmodSUB                      ; BKmodSUB      ; work         ;
;       |BlackCell:blockr1c11|      ; 1 (1)               ; 0 (0)                     ; 0                 ; 0          ; 0    ; 0            ; |butterfly|BKmodSUB:iBKmodSUB|BlackCell:blockr1c11 ; BlackCell     ; work         ;
;       |BlackCell:blockr1c13|      ; 1 (1)               ; 0 (0)                     ; 0                 ; 0          ; 0    ; 0            ; |butterfly|BKmodSUB:iBKmodSUB|BlackCell:blockr1c13 ; BlackCell     ; work         ;
;       |BlackCell:blockr1c3|       ; 1 (1)               ; 0 (0)                     ; 0                 ; 0          ; 0    ; 0            ; |butterfly|BKmodSUB:iBKmodSUB|BlackCell:blockr1c3  ; BlackCell     ; work         ;
;       |BlackCell:blockr1c5|       ; 1 (1)               ; 0 (0)                     ; 0                 ; 0          ; 0    ; 0            ; |butterfly|BKmodSUB:iBKmodSUB|BlackCell:blockr1c5  ; BlackCell     ; work         ;
;       |BlackCell:blockr2c11|      ; 1 (1)               ; 0 (0)                     ; 0                 ; 0          ; 0    ; 0            ; |butterfly|BKmodSUB:iBKmodSUB|BlackCell:blockr2c11 ; BlackCell     ; work         ;
;       |GrayCell:blockr2c3|        ; 1 (1)               ; 0 (0)                     ; 0                 ; 0          ; 0    ; 0            ; |butterfly|BKmodSUB:iBKmodSUB|GrayCell:blockr2c3   ; GrayCell      ; work         ;
;       |GrayCell:blockr3c7|        ; 2 (2)               ; 0 (0)                     ; 0                 ; 0          ; 0    ; 0            ; |butterfly|BKmodSUB:iBKmodSUB|GrayCell:blockr3c7   ; GrayCell      ; work         ;
;       |GrayCell:blockr5c13|       ; 2 (2)               ; 0 (0)                     ; 0                 ; 0          ; 0    ; 0            ; |butterfly|BKmodSUB:iBKmodSUB|GrayCell:blockr5c13  ; GrayCell      ; work         ;
;       |GrayCell:blockr5c5|        ; 3 (3)               ; 0 (0)                     ; 0                 ; 0          ; 0    ; 0            ; |butterfly|BKmodSUB:iBKmodSUB|GrayCell:blockr5c5   ; GrayCell      ; work         ;
;       |GrayCell:blockr5c9|        ; 1 (1)               ; 0 (0)                     ; 0                 ; 0          ; 0    ; 0            ; |butterfly|BKmodSUB:iBKmodSUB|GrayCell:blockr5c9   ; GrayCell      ; work         ;
;       |GrayCell:blockr6c11|       ; 3 (3)               ; 0 (0)                     ; 0                 ; 0          ; 0    ; 0            ; |butterfly|BKmodSUB:iBKmodSUB|GrayCell:blockr6c11  ; GrayCell      ; work         ;
;       |GrayCell:blockr6c14|       ; 1 (1)               ; 0 (0)                     ; 0                 ; 0          ; 0    ; 0            ; |butterfly|BKmodSUB:iBKmodSUB|GrayCell:blockr6c14  ; GrayCell      ; work         ;
;       |GrayCell:blockr6c2|        ; 2 (2)               ; 0 (0)                     ; 0                 ; 0          ; 0    ; 0            ; |butterfly|BKmodSUB:iBKmodSUB|GrayCell:blockr6c2   ; GrayCell      ; work         ;
;       |GrayCell:blockr6c6|        ; 1 (1)               ; 0 (0)                     ; 0                 ; 0          ; 0    ; 0            ; |butterfly|BKmodSUB:iBKmodSUB|GrayCell:blockr6c6   ; GrayCell      ; work         ;
;       |pg16SUB:ipg16SUB1|         ; 5 (5)               ; 0 (0)                     ; 0                 ; 0          ; 0    ; 0            ; |butterfly|BKmodSUB:iBKmodSUB|pg16SUB:ipg16SUB1    ; pg16SUB       ; work         ;
;       |xor16SUB:ixor16SUB_1|      ; 2 (2)               ; 0 (0)                     ; 0                 ; 0          ; 0    ; 0            ; |butterfly|BKmodSUB:iBKmodSUB|xor16SUB:ixor16SUB_1 ; xor16SUB      ; work         ;
;    |MULT3:iMULT31|                ; 0 (0)               ; 0 (0)                     ; 0                 ; 1          ; 0    ; 0            ; |butterfly|MULT3:iMULT31                           ; MULT3         ; work         ;
;    |barret_reduce:ibarret_reduce| ; 0 (0)               ; 0 (0)                     ; 0                 ; 2          ; 0    ; 0            ; |butterfly|barret_reduce:ibarret_reduce            ; barret_reduce ; work         ;
;    |mont_reduce:imont_reduce|     ; 0 (0)               ; 0 (0)                     ; 0                 ; 2          ; 0    ; 0            ; |butterfly|mont_reduce:imont_reduce                ; mont_reduce   ; work         ;
;    |mux_xx2:imux_xx21|            ; 19 (19)             ; 0 (0)                     ; 0                 ; 0          ; 0    ; 0            ; |butterfly|mux_xx2:imux_xx21                       ; mux_xx2       ; work         ;
;    |mux_xx2:imux_xx22|            ; 20 (20)             ; 0 (0)                     ; 0                 ; 0          ; 0    ; 0            ; |butterfly|mux_xx2:imux_xx22                       ; mux_xx2       ; work         ;
+-----------------------------------+---------------------+---------------------------+-------------------+------------+------+--------------+----------------------------------------------------+---------------+--------------+
Note: For table entries with two numbers listed, the numbers in parentheses indicate the number of resources of the given type used by the specific entity alone. The numbers listed outside of parentheses indicate the total resources of the given type used by the specific entity and all of its sub-entities in the hierarchy.


+-------------------------------------------------+
; Analysis & Synthesis DSP Block Usage Summary    ;
+-----------------------------------+-------------+
; Statistic                         ; Number Used ;
+-----------------------------------+-------------+
; Two Independent 18x18             ; 2           ;
; Independent 18x18 plus 36         ; 3           ;
; Total number of DSP blocks        ; 5           ;
;                                   ;             ;
; Fixed Point Signed Multiplier     ; 1           ;
; Fixed Point Mixed Sign Multiplier ; 4           ;
+-----------------------------------+-------------+


+------------------------------------------------------+
; General Register Statistics                          ;
+----------------------------------------------+-------+
; Statistic                                    ; Value ;
+----------------------------------------------+-------+
; Total registers                              ; 0     ;
; Number of registers using Synchronous Clear  ; 0     ;
; Number of registers using Synchronous Load   ; 0     ;
; Number of registers using Asynchronous Clear ; 0     ;
; Number of registers using Asynchronous Load  ; 0     ;
; Number of registers using Clock Enable       ; 0     ;
; Number of registers using Preset             ; 0     ;
+----------------------------------------------+-------+


+-------------------------------------------------------------------------------------------------------------------------------------------------+
; Multiplexer Restructuring Statistics (Restructuring Performed)                                                                                  ;
+--------------------+-----------+---------------+----------------------+------------------------+------------+-----------------------------------+
; Multiplexer Inputs ; Bus Width ; Baseline Area ; Area if Restructured ; Saving if Restructured ; Registered ; Example Multiplexer Output        ;
+--------------------+-----------+---------------+----------------------+------------------------+------------+-----------------------------------+
; 4:1                ; 32 bits   ; 64 LEs        ; 64 LEs               ; 0 LEs                  ; No         ; |butterfly|mux_xx2:imux_xx22|Mux1 ;
+--------------------+-----------+---------------+----------------------+------------------------+------------+-----------------------------------+


+-----------------------------------------------------------------------+
; Parameter Settings for User Entity Instance: mont_reduce:imont_reduce ;
+----------------+-------+----------------------------------------------+
; Parameter Name ; Value ; Type                                         ;
+----------------+-------+----------------------------------------------+
; MONT           ; -1044 ; Signed Integer                               ;
; QINV           ; -3327 ; Signed Integer                               ;
; KYBER_Q        ; 3329  ; Signed Integer                               ;
; WIDTH          ; 16    ; Signed Integer                               ;
+----------------+-------+----------------------------------------------+
Note: In order to hide this table in the UI and the text report file, please set the "Show Parameter Settings in Synthesis Report" option in "Analysis and Synthesis Settings -> More Settings" to "Off".


+---------------------------------------------------------------------------+
; Parameter Settings for User Entity Instance: barret_reduce:ibarret_reduce ;
+----------------+-------+--------------------------------------------------+
; Parameter Name ; Value ; Type                                             ;
+----------------+-------+--------------------------------------------------+
; KYBER_Q        ; 3329  ; Signed Integer                                   ;
; WIDTH          ; 16    ; Signed Integer                                   ;
+----------------+-------+--------------------------------------------------+
Note: In order to hide this table in the UI and the text report file, please set the "Show Parameter Settings in Synthesis Report" option in "Analysis and Synthesis Settings -> More Settings" to "Off".


+-----------------------------------------------+
; Port Connectivity Checks: "mux_xx2:imux_xx22" ;
+------+-------+----------+---------------------+
; Port ; Type  ; Severity ; Details             ;
+------+-------+----------+---------------------+
; d    ; Input ; Info     ; Stuck at GND        ;
+------+-------+----------+---------------------+


+-----------------------------------------------+
; Port Connectivity Checks: "mux_xx2:imux_xx21" ;
+------+-------+----------+---------------------+
; Port ; Type  ; Severity ; Details             ;
+------+-------+----------+---------------------+
; d    ; Input ; Info     ; Stuck at GND        ;
+------+-------+----------+---------------------+


+---------------------------------------------------------------------+
; Port Connectivity Checks: "BKmodSUB:iBKmodSUB|xor16SUB:ixor16SUB_1" ;
+------+-------+----------+-------------------------------------------+
; Port ; Type  ; Severity ; Details                                   ;
+------+-------+----------+-------------------------------------------+
; A[0] ; Input ; Info     ; Stuck at GND                              ;
+------+-------+----------+-------------------------------------------+


+-------------------------------------------------------------------+
; Port Connectivity Checks: "BKmodSUB:iBKmodSUB|GrayCell:blockr1c1" ;
+------+-------+----------+-----------------------------------------+
; Port ; Type  ; Severity ; Details                                 ;
+------+-------+----------+-----------------------------------------+
; pg0  ; Input ; Info     ; Stuck at GND                            ;
+------+-------+----------+-----------------------------------------+


+-------------------------------------------------------------------------------------------------------------------+
; Port Connectivity Checks: "BKmodSUB:iBKmodSUB|pg16SUB:ipg16SUB1"                                                  ;
+---------+--------+----------+-------------------------------------------------------------------------------------+
; Port    ; Type   ; Severity ; Details                                                                             ;
+---------+--------+----------+-------------------------------------------------------------------------------------+
; pg15[0] ; Output ; Info     ; Connected to dangling logic. Logic that only feeds a dangling port will be removed. ;
+---------+--------+----------+-------------------------------------------------------------------------------------+


+---------------------------------------------------------------------+
; Port Connectivity Checks: "BKmodADD:iBKmodADD|xor16SUM:ixor16SUM_1" ;
+------+-------+----------+-------------------------------------------+
; Port ; Type  ; Severity ; Details                                   ;
+------+-------+----------+-------------------------------------------+
; A[0] ; Input ; Info     ; Stuck at GND                              ;
+------+-------+----------+-------------------------------------------+


+-------------------------------------------------------------------+
; Port Connectivity Checks: "BKmodADD:iBKmodADD|GrayCell:blockr1c1" ;
+------+-------+----------+-----------------------------------------+
; Port ; Type  ; Severity ; Details                                 ;
+------+-------+----------+-----------------------------------------+
; pg0  ; Input ; Info     ; Stuck at GND                            ;
+------+-------+----------+-----------------------------------------+


+-------------------------------------------------------------------------------------------------------------------+
; Port Connectivity Checks: "BKmodADD:iBKmodADD|pg16SUM:ipg16SUM1"                                                  ;
+---------+--------+----------+-------------------------------------------------------------------------------------+
; Port    ; Type   ; Severity ; Details                                                                             ;
+---------+--------+----------+-------------------------------------------------------------------------------------+
; pg15[0] ; Output ; Info     ; Connected to dangling logic. Logic that only feeds a dangling port will be removed. ;
+---------+--------+----------+-------------------------------------------------------------------------------------+


+-----------------------------------------------------+
; Post-Synthesis Netlist Statistics for Top Partition ;
+-----------------------+-----------------------------+
; Type                  ; Count                       ;
+-----------------------+-----------------------------+
; arriav_lcell_comb     ; 148                         ;
;     extend            ; 2                           ;
;         7 data inputs ; 2                           ;
;     normal            ; 146                         ;
;         2 data inputs ; 6                           ;
;         3 data inputs ; 22                          ;
;         4 data inputs ; 38                          ;
;         5 data inputs ; 47                          ;
;         6 data inputs ; 33                          ;
; arriav_mac            ; 5                           ;
; boundary_port         ; 83                          ;
;                       ;                             ;
; Max LUT depth         ; 6.00                        ;
; Average LUT depth     ; 3.27                        ;
+-----------------------+-----------------------------+


+-------------------------------+
; Elapsed Time Per Partition    ;
+----------------+--------------+
; Partition Name ; Elapsed Time ;
+----------------+--------------+
; Top            ; 00:00:02     ;
+----------------+--------------+


+-------------------------------+
; Analysis & Synthesis Messages ;
+-------------------------------+
Info: *******************************************************************
Info: Running Quartus Prime Analysis & Synthesis
    Info: Version 22.1std.0 Build 915 10/25/2022 SC Standard Edition
    Info: Processing started: Sun Jan  7 00:48:02 2024
Info: Command: quartus_map --read_settings_files=on --write_settings_files=off buquartus -c buquartus
Warning (18236): Number of processors has not been specified which may cause overloading on shared machines.  Set the global assignment NUM_PARALLEL_PROCESSORS in your QSF to an appropriate value for best performance.
Info (20030): Parallel compilation is enabled and will use 13 of the 13 processors detected
Info (12021): Found 1 design units, including 1 entities, in source file /home/haka/Desktop/KyberV11/rtl/butterfly/mux_xx2.v
    Info (12023): Found entity 1: mux_xx2 File: /home/haka/Desktop/KyberV11/rtl/butterfly/mux_xx2.v Line: 22
Info (12021): Found 1 design units, including 1 entities, in source file /home/haka/Desktop/KyberV11/rtl/butterfly/MULT3_bb.v
    Info (12023): Found entity 1: MULT3 File: /home/haka/Desktop/KyberV11/rtl/butterfly/MULT3_bb.v Line: 34
Info (12021): Found 1 design units, including 1 entities, in source file /home/haka/Desktop/KyberV11/rtl/butterfly/mont_reduce.v
    Info (12023): Found entity 1: mont_reduce File: /home/haka/Desktop/KyberV11/rtl/butterfly/mont_reduce.v Line: 1
Info (12021): Found 1 design units, including 1 entities, in source file /home/haka/Desktop/KyberV11/rtl/butterfly/GrayCell.v
    Info (12023): Found entity 1: GrayCell File: /home/haka/Desktop/KyberV11/rtl/butterfly/GrayCell.v Line: 1
Info (12021): Found 1 design units, including 1 entities, in source file /home/haka/Desktop/KyberV11/rtl/butterfly/butterfly.v
    Info (12023): Found entity 1: butterfly File: /home/haka/Desktop/KyberV11/rtl/butterfly/butterfly.v Line: 22
Info (12021): Found 1 design units, including 1 entities, in source file /home/haka/Desktop/KyberV11/rtl/butterfly/BlackCell.v
    Info (12023): Found entity 1: BlackCell File: /home/haka/Desktop/KyberV11/rtl/butterfly/BlackCell.v Line: 1
Info (12021): Found 3 design units, including 3 entities, in source file /home/haka/Desktop/KyberV11/rtl/butterfly/BKmodSUB.v
    Info (12023): Found entity 1: BKmodSUB File: /home/haka/Desktop/KyberV11/rtl/butterfly/BKmodSUB.v Line: 22
    Info (12023): Found entity 2: xor16SUB File: /home/haka/Desktop/KyberV11/rtl/butterfly/BKmodSUB.v Line: 107
    Info (12023): Found entity 3: pg16SUB File: /home/haka/Desktop/KyberV11/rtl/butterfly/BKmodSUB.v Line: 127
Info (12021): Found 3 design units, including 3 entities, in source file /home/haka/Desktop/KyberV11/rtl/butterfly/BKmodADD.v
    Info (12023): Found entity 1: BKmodADD File: /home/haka/Desktop/KyberV11/rtl/butterfly/BKmodADD.v Line: 21
    Info (12023): Found entity 2: xor16SUM File: /home/haka/Desktop/KyberV11/rtl/butterfly/BKmodADD.v Line: 106
    Info (12023): Found entity 3: pg16SUM File: /home/haka/Desktop/KyberV11/rtl/butterfly/BKmodADD.v Line: 127
Info (12021): Found 1 design units, including 1 entities, in source file /home/haka/Desktop/KyberV11/rtl/butterfly/barret_reduce.v
    Info (12023): Found entity 1: barret_reduce File: /home/haka/Desktop/KyberV11/rtl/butterfly/barret_reduce.v Line: 1
Info (12127): Elaborating entity "butterfly" for the top level hierarchy
Info (12128): Elaborating entity "MULT3" for hierarchy "MULT3:iMULT31" File: /home/haka/Desktop/KyberV11/rtl/butterfly/butterfly.v Line: 64
Info (12128): Elaborating entity "mont_reduce" for hierarchy "mont_reduce:imont_reduce" File: /home/haka/Desktop/KyberV11/rtl/butterfly/butterfly.v Line: 65
Warning (10230): Verilog HDL assignment warning at mont_reduce.v(19): truncated value with size 32 to match size of target (16) File: /home/haka/Desktop/KyberV11/rtl/butterfly/mont_reduce.v Line: 19
Info (12128): Elaborating entity "BKmodADD" for hierarchy "BKmodADD:iBKmodADD" File: /home/haka/Desktop/KyberV11/rtl/butterfly/butterfly.v Line: 66
Info (12128): Elaborating entity "pg16SUM" for hierarchy "BKmodADD:iBKmodADD|pg16SUM:ipg16SUM1" File: /home/haka/Desktop/KyberV11/rtl/butterfly/BKmodADD.v Line: 35
Info (12128): Elaborating entity "GrayCell" for hierarchy "BKmodADD:iBKmodADD|GrayCell:blockr1c1" File: /home/haka/Desktop/KyberV11/rtl/butterfly/BKmodADD.v Line: 41
Info (12128): Elaborating entity "BlackCell" for hierarchy "BKmodADD:iBKmodADD|BlackCell:blockr1c3" File: /home/haka/Desktop/KyberV11/rtl/butterfly/BKmodADD.v Line: 42
Info (12128): Elaborating entity "xor16SUM" for hierarchy "BKmodADD:iBKmodADD|xor16SUM:ixor16SUM_1" File: /home/haka/Desktop/KyberV11/rtl/butterfly/BKmodADD.v Line: 98
Info (12128): Elaborating entity "barret_reduce" for hierarchy "barret_reduce:ibarret_reduce" File: /home/haka/Desktop/KyberV11/rtl/butterfly/butterfly.v Line: 67
Warning (10230): Verilog HDL assignment warning at barret_reduce.v(8): truncated value with size 32 to match size of target (16) File: /home/haka/Desktop/KyberV11/rtl/butterfly/barret_reduce.v Line: 8
Warning (10230): Verilog HDL assignment warning at barret_reduce.v(23): truncated value with size 32 to match size of target (16) File: /home/haka/Desktop/KyberV11/rtl/butterfly/barret_reduce.v Line: 23
Info (12128): Elaborating entity "BKmodSUB" for hierarchy "BKmodSUB:iBKmodSUB" File: /home/haka/Desktop/KyberV11/rtl/butterfly/butterfly.v Line: 68
Info (12128): Elaborating entity "pg16SUB" for hierarchy "BKmodSUB:iBKmodSUB|pg16SUB:ipg16SUB1" File: /home/haka/Desktop/KyberV11/rtl/butterfly/BKmodSUB.v Line: 36
Info (12128): Elaborating entity "xor16SUB" for hierarchy "BKmodSUB:iBKmodSUB|xor16SUB:ixor16SUB_1" File: /home/haka/Desktop/KyberV11/rtl/butterfly/BKmodSUB.v Line: 99
Info (12128): Elaborating entity "mux_xx2" for hierarchy "mux_xx2:imux_xx21" File: /home/haka/Desktop/KyberV11/rtl/butterfly/butterfly.v Line: 90
Info (286030): Timing-Driven Synthesis is running
Info (16010): Generating hard_block partition "hard_block:auto_generated_inst"
    Info (16011): Adding 0 node(s), including 0 DDIO, 0 PLL, 0 transceiver and 0 LCELL
Warning (21074): Design contains 1 input pin(s) that do not drive logic
    Warning (15610): No output dependent on input pin "clk" File: /home/haka/Desktop/KyberV11/rtl/butterfly/butterfly.v Line: 24
Info (21057): Implemented 236 device resources after synthesis - the final resource count might be different
    Info (21058): Implemented 51 input pins
    Info (21059): Implemented 32 output pins
    Info (21061): Implemented 148 logic cells
    Info (21062): Implemented 5 DSP elements
Info: Quartus Prime Analysis & Synthesis was successful. 0 errors, 6 warnings
    Info: Peak virtual memory: 492 megabytes
    Info: Processing ended: Sun Jan  7 00:48:12 2024
    Info: Elapsed time: 00:00:10
    Info: Total CPU time (on all processors): 00:00:26


