Copyright 1986-2022 Xilinx, Inc. All Rights Reserved. Copyright 2022-2023 Advanced Micro Devices, Inc. All Rights Reserved.
---------------------------------------------------------------------------------------------------------------------------------------------
| Tool Version : Vivado v.2023.1 (lin64) Build 3865809 Sun May  7 15:04:56 MDT 2023
| Date         : Wed Jan 10 14:05:30 2024
| Host         : vmd20 running 64-bit Debian GNU/Linux 10 (buster)
| Command      : report_incremental_reuse -file wrap_incremental_reuse_routed.rpt
| Design       : wrap
| Device       : xc7a200t
| Design State : Routed
---------------------------------------------------------------------------------------------------------------------------------------------

Incremental Implementation Information

Table of Contents
-----------------
1. Incremental Flow Summary
2. Reuse Summary
3. Reference Checkpoint Information
4. Optimization Comparison With Reference Run
4.1 iphys_opt_replay Optimizations
4.2 QoR Suggestion Optimizations
5. Non Reuse Information

1. Incremental Flow Summary
---------------------------

+-----------------------+------------------+
|    Flow Information   |       Value      |
+-----------------------+------------------+
| Synthesis Flow        |          Default |
| Auto Incremental      |               No |
| Incremental Directive | RuntimeOptimized |
| Target WNS            |              N/A |
| QoR Suggestions       |                0 |
+-----------------------+------------------+


2. Reuse Summary
----------------

+-------+------------------------------+------------------------------------+----------------------------+--------------------+-------+
|  Type | Matched % (of Initial Total) | Initial Reuse % (of Initial Total) | Current Reuse % (of Total) | Fixed % (of Total) | Total |
+-------+------------------------------+------------------------------------+----------------------------+--------------------+-------+
| Cells |                        99.85 |                               0.00 |                       0.00 |               0.00 |  1339 |
| Nets  |                        99.79 |                             100.00 |                     100.00 |               0.00 |  1389 |
| Pins  |                            - |                               0.00 |                       0.00 |                  - |     0 |
| Ports |                       100.00 |                               0.00 |                       0.00 |               0.00 |   151 |
+-------+------------------------------+------------------------------------+----------------------------+--------------------+-------+
* Reused % can exceed matched % when unmatched nets take their routing from nets with similar placement and connectivity


3. Reference Checkpoint Information
-----------------------------------

+----------------+-------------------------------------------------------------------------------------------------+
| DCP Location:  | /home/haka/Desktop/KyberV13/dut_vivado_2bu/dut_vivado_2bu.srcs/utils_1/imports/synth_1/wrap.dcp |
+----------------+-------------------------------------------------------------------------------------------------+


+--------------------------------+----------------------------+
|         DCP Information        |            Value           |
+--------------------------------+----------------------------+
| Vivado Version                 |                     2023.1 |
| DCP State                      |                    Unknown |
| Recorded WNS                   |                        N/A |
| Recorded WHS                   |                        N/A |
| Reference Speed File Version   | PRODUCTION 1.23 2018-06-13 |
| Incremental Speed File Version | PRODUCTION 1.23 2018-06-13 |
+--------------------------------+----------------------------+
* Recorded WNS/WHS timing numbers are estimated timing numbers. They may vary slightly from sign-off timing numbers.


4. Optimization Comparison With Reference Run
---------------------------------------------

4.1 iphys_opt_replay Optimizations
----------------------------------

+-------------------------+--------+------------+
| iphys_opt_design replay | Reused | Not Reused |
+-------------------------+--------+------------+


4.2 QoR Suggestion Optimizations
--------------------------------

+-----------------+-------+
| QoR Suggestions | Value |
+-----------------+-------+


5. Non Reuse Information
------------------------

+-----------------------+--------+
|          Type         |    %   |
+-----------------------+--------+
| Non-Reused Cells      | 100.00 |
|   New                 | 100.00 |
| Partially reused nets |   0.00 |
| Non-Reused nets       |   0.00 |
| Non-Reused Ports      | 100.00 |
+-----------------------+--------+


