Copyright 1986-2022 Xilinx, Inc. All Rights Reserved. Copyright 2022-2023 Advanced Micro Devices, Inc. All Rights Reserved.
--------------------------------------------------------------------------------------------------------------------------------------------------
| Tool Version : Vivado v.2023.1 (lin64) Build 3865809 Sun May  7 15:04:56 MDT 2023
| Date         : Wed Jan 10 14:05:28 2024
| Host         : vmd20 running 64-bit Debian GNU/Linux 10 (buster)
| Command      : report_methodology -file wrap_methodology_drc_routed.rpt -pb wrap_methodology_drc_routed.pb -rpx wrap_methodology_drc_routed.rpx
| Design       : wrap
| Device       : xc7a200tffv1156-3
| Speed File   : -3
| Design State : Fully Routed
--------------------------------------------------------------------------------------------------------------------------------------------------

Report Methodology

Table of Contents
-----------------
1. REPORT SUMMARY
2. REPORT DETAILS

1. REPORT SUMMARY
-----------------
            Netlist: netlist
          Floorplan: design_1
      Design limits: <entire design considered>
             Max violations: <unlimited>
             Violations found: 149
+-----------+----------+-------------------------------+------------+
| Rule      | Severity | Description                   | Violations |
+-----------+----------+-------------------------------+------------+
| TIMING-18 | Warning  | Missing input or output delay | 149        |
+-----------+----------+-------------------------------+------------+

2. REPORT DETAILS
-----------------
TIMING-18#1 Warning
Missing input or output delay  
An input delay is missing on address_ina[0] relative to the rising and/or falling clock edge(s) of clock.
Related violations: <none>

TIMING-18#2 Warning
Missing input or output delay  
An input delay is missing on address_ina[1] relative to the rising and/or falling clock edge(s) of clock.
Related violations: <none>

TIMING-18#3 Warning
Missing input or output delay  
An input delay is missing on address_ina[2] relative to the rising and/or falling clock edge(s) of clock.
Related violations: <none>

TIMING-18#4 Warning
Missing input or output delay  
An input delay is missing on address_ina[3] relative to the rising and/or falling clock edge(s) of clock.
Related violations: <none>

TIMING-18#5 Warning
Missing input or output delay  
An input delay is missing on address_ina[4] relative to the rising and/or falling clock edge(s) of clock.
Related violations: <none>

TIMING-18#6 Warning
Missing input or output delay  
An input delay is missing on address_ina[5] relative to the rising and/or falling clock edge(s) of clock.
Related violations: <none>

TIMING-18#7 Warning
Missing input or output delay  
An input delay is missing on address_ina[6] relative to the rising and/or falling clock edge(s) of clock.
Related violations: <none>

TIMING-18#8 Warning
Missing input or output delay  
An input delay is missing on address_inb[0] relative to the rising and/or falling clock edge(s) of clock.
Related violations: <none>

TIMING-18#9 Warning
Missing input or output delay  
An input delay is missing on address_inb[1] relative to the rising and/or falling clock edge(s) of clock.
Related violations: <none>

TIMING-18#10 Warning
Missing input or output delay  
An input delay is missing on address_inb[2] relative to the rising and/or falling clock edge(s) of clock.
Related violations: <none>

TIMING-18#11 Warning
Missing input or output delay  
An input delay is missing on address_inb[3] relative to the rising and/or falling clock edge(s) of clock.
Related violations: <none>

TIMING-18#12 Warning
Missing input or output delay  
An input delay is missing on address_inb[4] relative to the rising and/or falling clock edge(s) of clock.
Related violations: <none>

TIMING-18#13 Warning
Missing input or output delay  
An input delay is missing on address_inb[5] relative to the rising and/or falling clock edge(s) of clock.
Related violations: <none>

TIMING-18#14 Warning
Missing input or output delay  
An input delay is missing on address_inb[6] relative to the rising and/or falling clock edge(s) of clock.
Related violations: <none>

TIMING-18#15 Warning
Missing input or output delay  
An input delay is missing on data_ina[0] relative to the rising and/or falling clock edge(s) of clock.
Related violations: <none>

TIMING-18#16 Warning
Missing input or output delay  
An input delay is missing on data_ina[10] relative to the rising and/or falling clock edge(s) of clock.
Related violations: <none>

TIMING-18#17 Warning
Missing input or output delay  
An input delay is missing on data_ina[11] relative to the rising and/or falling clock edge(s) of clock.
Related violations: <none>

TIMING-18#18 Warning
Missing input or output delay  
An input delay is missing on data_ina[12] relative to the rising and/or falling clock edge(s) of clock.
Related violations: <none>

TIMING-18#19 Warning
Missing input or output delay  
An input delay is missing on data_ina[13] relative to the rising and/or falling clock edge(s) of clock.
Related violations: <none>

TIMING-18#20 Warning
Missing input or output delay  
An input delay is missing on data_ina[14] relative to the rising and/or falling clock edge(s) of clock.
Related violations: <none>

TIMING-18#21 Warning
Missing input or output delay  
An input delay is missing on data_ina[15] relative to the rising and/or falling clock edge(s) of clock.
Related violations: <none>

TIMING-18#22 Warning
Missing input or output delay  
An input delay is missing on data_ina[16] relative to the rising and/or falling clock edge(s) of clock.
Related violations: <none>

TIMING-18#23 Warning
Missing input or output delay  
An input delay is missing on data_ina[17] relative to the rising and/or falling clock edge(s) of clock.
Related violations: <none>

TIMING-18#24 Warning
Missing input or output delay  
An input delay is missing on data_ina[18] relative to the rising and/or falling clock edge(s) of clock.
Related violations: <none>

TIMING-18#25 Warning
Missing input or output delay  
An input delay is missing on data_ina[19] relative to the rising and/or falling clock edge(s) of clock.
Related violations: <none>

TIMING-18#26 Warning
Missing input or output delay  
An input delay is missing on data_ina[1] relative to the rising and/or falling clock edge(s) of clock.
Related violations: <none>

TIMING-18#27 Warning
Missing input or output delay  
An input delay is missing on data_ina[20] relative to the rising and/or falling clock edge(s) of clock.
Related violations: <none>

TIMING-18#28 Warning
Missing input or output delay  
An input delay is missing on data_ina[21] relative to the rising and/or falling clock edge(s) of clock.
Related violations: <none>

TIMING-18#29 Warning
Missing input or output delay  
An input delay is missing on data_ina[22] relative to the rising and/or falling clock edge(s) of clock.
Related violations: <none>

TIMING-18#30 Warning
Missing input or output delay  
An input delay is missing on data_ina[23] relative to the rising and/or falling clock edge(s) of clock.
Related violations: <none>

TIMING-18#31 Warning
Missing input or output delay  
An input delay is missing on data_ina[24] relative to the rising and/or falling clock edge(s) of clock.
Related violations: <none>

TIMING-18#32 Warning
Missing input or output delay  
An input delay is missing on data_ina[25] relative to the rising and/or falling clock edge(s) of clock.
Related violations: <none>

TIMING-18#33 Warning
Missing input or output delay  
An input delay is missing on data_ina[26] relative to the rising and/or falling clock edge(s) of clock.
Related violations: <none>

TIMING-18#34 Warning
Missing input or output delay  
An input delay is missing on data_ina[27] relative to the rising and/or falling clock edge(s) of clock.
Related violations: <none>

TIMING-18#35 Warning
Missing input or output delay  
An input delay is missing on data_ina[28] relative to the rising and/or falling clock edge(s) of clock.
Related violations: <none>

TIMING-18#36 Warning
Missing input or output delay  
An input delay is missing on data_ina[29] relative to the rising and/or falling clock edge(s) of clock.
Related violations: <none>

TIMING-18#37 Warning
Missing input or output delay  
An input delay is missing on data_ina[2] relative to the rising and/or falling clock edge(s) of clock.
Related violations: <none>

TIMING-18#38 Warning
Missing input or output delay  
An input delay is missing on data_ina[30] relative to the rising and/or falling clock edge(s) of clock.
Related violations: <none>

TIMING-18#39 Warning
Missing input or output delay  
An input delay is missing on data_ina[31] relative to the rising and/or falling clock edge(s) of clock.
Related violations: <none>

TIMING-18#40 Warning
Missing input or output delay  
An input delay is missing on data_ina[3] relative to the rising and/or falling clock edge(s) of clock.
Related violations: <none>

TIMING-18#41 Warning
Missing input or output delay  
An input delay is missing on data_ina[4] relative to the rising and/or falling clock edge(s) of clock.
Related violations: <none>

TIMING-18#42 Warning
Missing input or output delay  
An input delay is missing on data_ina[5] relative to the rising and/or falling clock edge(s) of clock.
Related violations: <none>

TIMING-18#43 Warning
Missing input or output delay  
An input delay is missing on data_ina[6] relative to the rising and/or falling clock edge(s) of clock.
Related violations: <none>

TIMING-18#44 Warning
Missing input or output delay  
An input delay is missing on data_ina[7] relative to the rising and/or falling clock edge(s) of clock.
Related violations: <none>

TIMING-18#45 Warning
Missing input or output delay  
An input delay is missing on data_ina[8] relative to the rising and/or falling clock edge(s) of clock.
Related violations: <none>

TIMING-18#46 Warning
Missing input or output delay  
An input delay is missing on data_ina[9] relative to the rising and/or falling clock edge(s) of clock.
Related violations: <none>

TIMING-18#47 Warning
Missing input or output delay  
An input delay is missing on data_inb[0] relative to the rising and/or falling clock edge(s) of clock.
Related violations: <none>

TIMING-18#48 Warning
Missing input or output delay  
An input delay is missing on data_inb[10] relative to the rising and/or falling clock edge(s) of clock.
Related violations: <none>

TIMING-18#49 Warning
Missing input or output delay  
An input delay is missing on data_inb[11] relative to the rising and/or falling clock edge(s) of clock.
Related violations: <none>

TIMING-18#50 Warning
Missing input or output delay  
An input delay is missing on data_inb[12] relative to the rising and/or falling clock edge(s) of clock.
Related violations: <none>

TIMING-18#51 Warning
Missing input or output delay  
An input delay is missing on data_inb[13] relative to the rising and/or falling clock edge(s) of clock.
Related violations: <none>

TIMING-18#52 Warning
Missing input or output delay  
An input delay is missing on data_inb[14] relative to the rising and/or falling clock edge(s) of clock.
Related violations: <none>

TIMING-18#53 Warning
Missing input or output delay  
An input delay is missing on data_inb[15] relative to the rising and/or falling clock edge(s) of clock.
Related violations: <none>

TIMING-18#54 Warning
Missing input or output delay  
An input delay is missing on data_inb[16] relative to the rising and/or falling clock edge(s) of clock.
Related violations: <none>

TIMING-18#55 Warning
Missing input or output delay  
An input delay is missing on data_inb[17] relative to the rising and/or falling clock edge(s) of clock.
Related violations: <none>

TIMING-18#56 Warning
Missing input or output delay  
An input delay is missing on data_inb[18] relative to the rising and/or falling clock edge(s) of clock.
Related violations: <none>

TIMING-18#57 Warning
Missing input or output delay  
An input delay is missing on data_inb[19] relative to the rising and/or falling clock edge(s) of clock.
Related violations: <none>

TIMING-18#58 Warning
Missing input or output delay  
An input delay is missing on data_inb[1] relative to the rising and/or falling clock edge(s) of clock.
Related violations: <none>

TIMING-18#59 Warning
Missing input or output delay  
An input delay is missing on data_inb[20] relative to the rising and/or falling clock edge(s) of clock.
Related violations: <none>

TIMING-18#60 Warning
Missing input or output delay  
An input delay is missing on data_inb[21] relative to the rising and/or falling clock edge(s) of clock.
Related violations: <none>

TIMING-18#61 Warning
Missing input or output delay  
An input delay is missing on data_inb[22] relative to the rising and/or falling clock edge(s) of clock.
Related violations: <none>

TIMING-18#62 Warning
Missing input or output delay  
An input delay is missing on data_inb[23] relative to the rising and/or falling clock edge(s) of clock.
Related violations: <none>

TIMING-18#63 Warning
Missing input or output delay  
An input delay is missing on data_inb[24] relative to the rising and/or falling clock edge(s) of clock.
Related violations: <none>

TIMING-18#64 Warning
Missing input or output delay  
An input delay is missing on data_inb[25] relative to the rising and/or falling clock edge(s) of clock.
Related violations: <none>

TIMING-18#65 Warning
Missing input or output delay  
An input delay is missing on data_inb[26] relative to the rising and/or falling clock edge(s) of clock.
Related violations: <none>

TIMING-18#66 Warning
Missing input or output delay  
An input delay is missing on data_inb[27] relative to the rising and/or falling clock edge(s) of clock.
Related violations: <none>

TIMING-18#67 Warning
Missing input or output delay  
An input delay is missing on data_inb[28] relative to the rising and/or falling clock edge(s) of clock.
Related violations: <none>

TIMING-18#68 Warning
Missing input or output delay  
An input delay is missing on data_inb[29] relative to the rising and/or falling clock edge(s) of clock.
Related violations: <none>

TIMING-18#69 Warning
Missing input or output delay  
An input delay is missing on data_inb[2] relative to the rising and/or falling clock edge(s) of clock.
Related violations: <none>

TIMING-18#70 Warning
Missing input or output delay  
An input delay is missing on data_inb[30] relative to the rising and/or falling clock edge(s) of clock.
Related violations: <none>

TIMING-18#71 Warning
Missing input or output delay  
An input delay is missing on data_inb[31] relative to the rising and/or falling clock edge(s) of clock.
Related violations: <none>

TIMING-18#72 Warning
Missing input or output delay  
An input delay is missing on data_inb[3] relative to the rising and/or falling clock edge(s) of clock.
Related violations: <none>

TIMING-18#73 Warning
Missing input or output delay  
An input delay is missing on data_inb[4] relative to the rising and/or falling clock edge(s) of clock.
Related violations: <none>

TIMING-18#74 Warning
Missing input or output delay  
An input delay is missing on data_inb[5] relative to the rising and/or falling clock edge(s) of clock.
Related violations: <none>

TIMING-18#75 Warning
Missing input or output delay  
An input delay is missing on data_inb[6] relative to the rising and/or falling clock edge(s) of clock.
Related violations: <none>

TIMING-18#76 Warning
Missing input or output delay  
An input delay is missing on data_inb[7] relative to the rising and/or falling clock edge(s) of clock.
Related violations: <none>

TIMING-18#77 Warning
Missing input or output delay  
An input delay is missing on data_inb[8] relative to the rising and/or falling clock edge(s) of clock.
Related violations: <none>

TIMING-18#78 Warning
Missing input or output delay  
An input delay is missing on data_inb[9] relative to the rising and/or falling clock edge(s) of clock.
Related violations: <none>

TIMING-18#79 Warning
Missing input or output delay  
An input delay is missing on mode relative to the rising and/or falling clock edge(s) of clock.
Related violations: <none>

TIMING-18#80 Warning
Missing input or output delay  
An input delay is missing on rst relative to the rising and/or falling clock edge(s) of clock.
Related violations: <none>

TIMING-18#81 Warning
Missing input or output delay  
An input delay is missing on start relative to the rising and/or falling clock edge(s) of clock.
Related violations: <none>

TIMING-18#82 Warning
Missing input or output delay  
An input delay is missing on we relative to the rising and/or falling clock edge(s) of clock.
Related violations: <none>

TIMING-18#83 Warning
Missing input or output delay  
An output delay is missing on cal_done relative to the rising and/or falling clock edge(s) of clock.
Related violations: <none>

TIMING-18#84 Warning
Missing input or output delay  
An output delay is missing on data_out1[0] relative to the rising and/or falling clock edge(s) of clock.
Related violations: <none>

TIMING-18#85 Warning
Missing input or output delay  
An output delay is missing on data_out1[10] relative to the rising and/or falling clock edge(s) of clock.
Related violations: <none>

TIMING-18#86 Warning
Missing input or output delay  
An output delay is missing on data_out1[11] relative to the rising and/or falling clock edge(s) of clock.
Related violations: <none>

TIMING-18#87 Warning
Missing input or output delay  
An output delay is missing on data_out1[12] relative to the rising and/or falling clock edge(s) of clock.
Related violations: <none>

TIMING-18#88 Warning
Missing input or output delay  
An output delay is missing on data_out1[13] relative to the rising and/or falling clock edge(s) of clock.
Related violations: <none>

TIMING-18#89 Warning
Missing input or output delay  
An output delay is missing on data_out1[14] relative to the rising and/or falling clock edge(s) of clock.
Related violations: <none>

TIMING-18#90 Warning
Missing input or output delay  
An output delay is missing on data_out1[15] relative to the rising and/or falling clock edge(s) of clock.
Related violations: <none>

TIMING-18#91 Warning
Missing input or output delay  
An output delay is missing on data_out1[16] relative to the rising and/or falling clock edge(s) of clock.
Related violations: <none>

TIMING-18#92 Warning
Missing input or output delay  
An output delay is missing on data_out1[17] relative to the rising and/or falling clock edge(s) of clock.
Related violations: <none>

TIMING-18#93 Warning
Missing input or output delay  
An output delay is missing on data_out1[18] relative to the rising and/or falling clock edge(s) of clock.
Related violations: <none>

TIMING-18#94 Warning
Missing input or output delay  
An output delay is missing on data_out1[19] relative to the rising and/or falling clock edge(s) of clock.
Related violations: <none>

TIMING-18#95 Warning
Missing input or output delay  
An output delay is missing on data_out1[1] relative to the rising and/or falling clock edge(s) of clock.
Related violations: <none>

TIMING-18#96 Warning
Missing input or output delay  
An output delay is missing on data_out1[20] relative to the rising and/or falling clock edge(s) of clock.
Related violations: <none>

TIMING-18#97 Warning
Missing input or output delay  
An output delay is missing on data_out1[21] relative to the rising and/or falling clock edge(s) of clock.
Related violations: <none>

TIMING-18#98 Warning
Missing input or output delay  
An output delay is missing on data_out1[22] relative to the rising and/or falling clock edge(s) of clock.
Related violations: <none>

TIMING-18#99 Warning
Missing input or output delay  
An output delay is missing on data_out1[23] relative to the rising and/or falling clock edge(s) of clock.
Related violations: <none>

TIMING-18#100 Warning
Missing input or output delay  
An output delay is missing on data_out1[24] relative to the rising and/or falling clock edge(s) of clock.
Related violations: <none>

TIMING-18#101 Warning
Missing input or output delay  
An output delay is missing on data_out1[25] relative to the rising and/or falling clock edge(s) of clock.
Related violations: <none>

TIMING-18#102 Warning
Missing input or output delay  
An output delay is missing on data_out1[26] relative to the rising and/or falling clock edge(s) of clock.
Related violations: <none>

TIMING-18#103 Warning
Missing input or output delay  
An output delay is missing on data_out1[27] relative to the rising and/or falling clock edge(s) of clock.
Related violations: <none>

TIMING-18#104 Warning
Missing input or output delay  
An output delay is missing on data_out1[28] relative to the rising and/or falling clock edge(s) of clock.
Related violations: <none>

TIMING-18#105 Warning
Missing input or output delay  
An output delay is missing on data_out1[29] relative to the rising and/or falling clock edge(s) of clock.
Related violations: <none>

TIMING-18#106 Warning
Missing input or output delay  
An output delay is missing on data_out1[2] relative to the rising and/or falling clock edge(s) of clock.
Related violations: <none>

TIMING-18#107 Warning
Missing input or output delay  
An output delay is missing on data_out1[30] relative to the rising and/or falling clock edge(s) of clock.
Related violations: <none>

TIMING-18#108 Warning
Missing input or output delay  
An output delay is missing on data_out1[31] relative to the rising and/or falling clock edge(s) of clock.
Related violations: <none>

TIMING-18#109 Warning
Missing input or output delay  
An output delay is missing on data_out1[3] relative to the rising and/or falling clock edge(s) of clock.
Related violations: <none>

TIMING-18#110 Warning
Missing input or output delay  
An output delay is missing on data_out1[4] relative to the rising and/or falling clock edge(s) of clock.
Related violations: <none>

TIMING-18#111 Warning
Missing input or output delay  
An output delay is missing on data_out1[5] relative to the rising and/or falling clock edge(s) of clock.
Related violations: <none>

TIMING-18#112 Warning
Missing input or output delay  
An output delay is missing on data_out1[6] relative to the rising and/or falling clock edge(s) of clock.
Related violations: <none>

TIMING-18#113 Warning
Missing input or output delay  
An output delay is missing on data_out1[7] relative to the rising and/or falling clock edge(s) of clock.
Related violations: <none>

TIMING-18#114 Warning
Missing input or output delay  
An output delay is missing on data_out1[8] relative to the rising and/or falling clock edge(s) of clock.
Related violations: <none>

TIMING-18#115 Warning
Missing input or output delay  
An output delay is missing on data_out1[9] relative to the rising and/or falling clock edge(s) of clock.
Related violations: <none>

TIMING-18#116 Warning
Missing input or output delay  
An output delay is missing on data_out2[0] relative to the rising and/or falling clock edge(s) of clock.
Related violations: <none>

TIMING-18#117 Warning
Missing input or output delay  
An output delay is missing on data_out2[10] relative to the rising and/or falling clock edge(s) of clock.
Related violations: <none>

TIMING-18#118 Warning
Missing input or output delay  
An output delay is missing on data_out2[11] relative to the rising and/or falling clock edge(s) of clock.
Related violations: <none>

TIMING-18#119 Warning
Missing input or output delay  
An output delay is missing on data_out2[12] relative to the rising and/or falling clock edge(s) of clock.
Related violations: <none>

TIMING-18#120 Warning
Missing input or output delay  
An output delay is missing on data_out2[13] relative to the rising and/or falling clock edge(s) of clock.
Related violations: <none>

TIMING-18#121 Warning
Missing input or output delay  
An output delay is missing on data_out2[14] relative to the rising and/or falling clock edge(s) of clock.
Related violations: <none>

TIMING-18#122 Warning
Missing input or output delay  
An output delay is missing on data_out2[15] relative to the rising and/or falling clock edge(s) of clock.
Related violations: <none>

TIMING-18#123 Warning
Missing input or output delay  
An output delay is missing on data_out2[16] relative to the rising and/or falling clock edge(s) of clock.
Related violations: <none>

TIMING-18#124 Warning
Missing input or output delay  
An output delay is missing on data_out2[17] relative to the rising and/or falling clock edge(s) of clock.
Related violations: <none>

TIMING-18#125 Warning
Missing input or output delay  
An output delay is missing on data_out2[18] relative to the rising and/or falling clock edge(s) of clock.
Related violations: <none>

TIMING-18#126 Warning
Missing input or output delay  
An output delay is missing on data_out2[19] relative to the rising and/or falling clock edge(s) of clock.
Related violations: <none>

TIMING-18#127 Warning
Missing input or output delay  
An output delay is missing on data_out2[1] relative to the rising and/or falling clock edge(s) of clock.
Related violations: <none>

TIMING-18#128 Warning
Missing input or output delay  
An output delay is missing on data_out2[20] relative to the rising and/or falling clock edge(s) of clock.
Related violations: <none>

TIMING-18#129 Warning
Missing input or output delay  
An output delay is missing on data_out2[21] relative to the rising and/or falling clock edge(s) of clock.
Related violations: <none>

TIMING-18#130 Warning
Missing input or output delay  
An output delay is missing on data_out2[22] relative to the rising and/or falling clock edge(s) of clock.
Related violations: <none>

TIMING-18#131 Warning
Missing input or output delay  
An output delay is missing on data_out2[23] relative to the rising and/or falling clock edge(s) of clock.
Related violations: <none>

TIMING-18#132 Warning
Missing input or output delay  
An output delay is missing on data_out2[24] relative to the rising and/or falling clock edge(s) of clock.
Related violations: <none>

TIMING-18#133 Warning
Missing input or output delay  
An output delay is missing on data_out2[25] relative to the rising and/or falling clock edge(s) of clock.
Related violations: <none>

TIMING-18#134 Warning
Missing input or output delay  
An output delay is missing on data_out2[26] relative to the rising and/or falling clock edge(s) of clock.
Related violations: <none>

TIMING-18#135 Warning
Missing input or output delay  
An output delay is missing on data_out2[27] relative to the rising and/or falling clock edge(s) of clock.
Related violations: <none>

TIMING-18#136 Warning
Missing input or output delay  
An output delay is missing on data_out2[28] relative to the rising and/or falling clock edge(s) of clock.
Related violations: <none>

TIMING-18#137 Warning
Missing input or output delay  
An output delay is missing on data_out2[29] relative to the rising and/or falling clock edge(s) of clock.
Related violations: <none>

TIMING-18#138 Warning
Missing input or output delay  
An output delay is missing on data_out2[2] relative to the rising and/or falling clock edge(s) of clock.
Related violations: <none>

TIMING-18#139 Warning
Missing input or output delay  
An output delay is missing on data_out2[30] relative to the rising and/or falling clock edge(s) of clock.
Related violations: <none>

TIMING-18#140 Warning
Missing input or output delay  
An output delay is missing on data_out2[31] relative to the rising and/or falling clock edge(s) of clock.
Related violations: <none>

TIMING-18#141 Warning
Missing input or output delay  
An output delay is missing on data_out2[3] relative to the rising and/or falling clock edge(s) of clock.
Related violations: <none>

TIMING-18#142 Warning
Missing input or output delay  
An output delay is missing on data_out2[4] relative to the rising and/or falling clock edge(s) of clock.
Related violations: <none>

TIMING-18#143 Warning
Missing input or output delay  
An output delay is missing on data_out2[5] relative to the rising and/or falling clock edge(s) of clock.
Related violations: <none>

TIMING-18#144 Warning
Missing input or output delay  
An output delay is missing on data_out2[6] relative to the rising and/or falling clock edge(s) of clock.
Related violations: <none>

TIMING-18#145 Warning
Missing input or output delay  
An output delay is missing on data_out2[7] relative to the rising and/or falling clock edge(s) of clock.
Related violations: <none>

TIMING-18#146 Warning
Missing input or output delay  
An output delay is missing on data_out2[8] relative to the rising and/or falling clock edge(s) of clock.
Related violations: <none>

TIMING-18#147 Warning
Missing input or output delay  
An output delay is missing on data_out2[9] relative to the rising and/or falling clock edge(s) of clock.
Related violations: <none>

TIMING-18#148 Warning
Missing input or output delay  
An output delay is missing on done relative to the rising and/or falling clock edge(s) of clock.
Related violations: <none>

TIMING-18#149 Warning
Missing input or output delay  
An output delay is missing on in_done relative to the rising and/or falling clock edge(s) of clock.
Related violations: <none>


