Copyright 1986-2022 Xilinx, Inc. All Rights Reserved.
-----------------------------------------------------------------------------------------------------
| Tool Version : Vivado v.2022.2 (win64) Build 3671981 Fri Oct 14 05:00:03 MDT 2022
| Date         : Sun Dec  3 18:18:24 2023
| Host         : DESKTOP-21L0LE9 running 64-bit major release  (build 9200)
| Command      : report_utilization -file wrap_utilization_placed.rpt -pb wrap_utilization_placed.pb
| Design       : wrap
| Device       : xcau25p-sfvb784-2-e
| Speed File   : -2
| Design State : Fully Placed
-----------------------------------------------------------------------------------------------------

Utilization Design Information

Table of Contents
-----------------
1. CLB Logic
1.1 Summary of Registers by Type
2. CLB Logic Distribution
3. BLOCKRAM
4. ARITHMETIC
5. I/O
6. CLOCK
7. ADVANCED
8. CONFIGURATION
9. Primitives
10. Black Boxes
11. Instantiated Netlists

1. CLB Logic
------------

+-------------------------+------+-------+------------+-----------+-------+
|        Site Type        | Used | Fixed | Prohibited | Available | Util% |
+-------------------------+------+-------+------------+-----------+-------+
| CLB LUTs                |  407 |     0 |          0 |    141000 |  0.29 |
|   LUT as Logic          |  407 |     0 |          0 |    141000 |  0.29 |
|   LUT as Memory         |    0 |     0 |          0 |     99840 |  0.00 |
| CLB Registers           |  215 |     0 |          0 |    282000 |  0.08 |
|   Register as Flip Flop |  215 |     0 |          0 |    282000 |  0.08 |
|   Register as Latch     |    0 |     0 |          0 |    282000 |  0.00 |
| CARRY8                  |   17 |     0 |          0 |     27120 |  0.06 |
| F7 Muxes                |    0 |     0 |          0 |    108480 |  0.00 |
| F8 Muxes                |    0 |     0 |          0 |     54240 |  0.00 |
| F9 Muxes                |    0 |     0 |          0 |     27120 |  0.00 |
+-------------------------+------+-------+------------+-----------+-------+
* Warning! LUT value is adjusted to account for LUT combining.


1.1 Summary of Registers by Type
--------------------------------

+-------+--------------+-------------+--------------+
| Total | Clock Enable | Synchronous | Asynchronous |
+-------+--------------+-------------+--------------+
| 0     |            _ |           - |            - |
| 0     |            _ |           - |          Set |
| 0     |            _ |           - |        Reset |
| 0     |            _ |         Set |            - |
| 0     |            _ |       Reset |            - |
| 0     |          Yes |           - |            - |
| 0     |          Yes |           - |          Set |
| 30    |          Yes |           - |        Reset |
| 0     |          Yes |         Set |            - |
| 185   |          Yes |       Reset |            - |
+-------+--------------+-------------+--------------+


2. CLB Logic Distribution
-------------------------

+--------------------------------------------+------+-------+------------+-----------+-------+
|                  Site Type                 | Used | Fixed | Prohibited | Available | Util% |
+--------------------------------------------+------+-------+------------+-----------+-------+
| CLB                                        |   93 |     0 |          0 |     27120 |  0.34 |
|   CLBL                                     |   64 |     0 |            |           |       |
|   CLBM                                     |   29 |     0 |            |           |       |
| LUT as Logic                               |  407 |     0 |          0 |    141000 |  0.29 |
|   using O5 output only                     |   15 |       |            |           |       |
|   using O6 output only                     |  319 |       |            |           |       |
|   using O5 and O6                          |   73 |       |            |           |       |
| LUT as Memory                              |    0 |     0 |          0 |     99840 |  0.00 |
|   LUT as Distributed RAM                   |    0 |     0 |            |           |       |
|   LUT as Shift Register                    |    0 |     0 |            |           |       |
| CLB Registers                              |  215 |     0 |          0 |    282000 |  0.08 |
|   Register driven from within the CLB      |  151 |       |            |           |       |
|   Register driven from outside the CLB     |   64 |       |            |           |       |
|     LUT in front of the register is unused |   40 |       |            |           |       |
|     LUT in front of the register is used   |   24 |       |            |           |       |
| Unique Control Sets                        |   12 |       |          0 |     54240 |  0.02 |
+--------------------------------------------+------+-------+------------+-----------+-------+
* * Note: Available Control Sets calculated as Slices * 2, Review the Control Sets Report for more information regarding control sets.


3. BLOCKRAM
-----------

+-------------------+------+-------+------------+-----------+-------+
|     Site Type     | Used | Fixed | Prohibited | Available | Util% |
+-------------------+------+-------+------------+-----------+-------+
| Block RAM Tile    |    4 |     0 |          0 |       300 |  1.33 |
|   RAMB36/FIFO*    |    2 |     0 |          0 |       300 |  0.67 |
|     RAMB36E2 only |    2 |       |            |           |       |
|   RAMB18          |    4 |     0 |          0 |       600 |  0.67 |
|     RAMB18E2 only |    4 |       |            |           |       |
+-------------------+------+-------+------------+-----------+-------+
* Note: Each Block RAM Tile only has one FIFO logic available and therefore can accommodate only one FIFO36E2 or one FIFO18E2. However, if a FIFO18E2 occupies a Block RAM Tile, that tile can still accommodate a RAMB18E2


4. ARITHMETIC
-------------

+----------------+------+-------+------------+-----------+-------+
|    Site Type   | Used | Fixed | Prohibited | Available | Util% |
+----------------+------+-------+------------+-----------+-------+
| DSPs           |    5 |     0 |          0 |      1200 |  0.42 |
|   DSP48E2 only |    5 |       |            |           |       |
+----------------+------+-------+------------+-----------+-------+


5. I/O
------

+------------------+------+-------+------------+-----------+-------+
|     Site Type    | Used | Fixed | Prohibited | Available | Util% |
+------------------+------+-------+------------+-----------+-------+
| Bonded IOB       |   39 |     0 |          0 |       304 | 12.83 |
| HPIOB_M          |    0 |     0 |          0 |        96 |  0.00 |
| HPIOB_S          |    0 |     0 |          0 |        96 |  0.00 |
| HDIOB_M          |   20 |     0 |          0 |        48 | 41.67 |
|   INPUT          |    3 |       |            |           |       |
|   OUTPUT         |   17 |       |            |           |       |
|   BIDIR          |    0 |       |            |           |       |
| HDIOB_S          |   19 |     0 |          0 |        48 | 39.58 |
|   INPUT          |    1 |       |            |           |       |
|   OUTPUT         |   18 |       |            |           |       |
|   BIDIR          |    0 |       |            |           |       |
| HPIOB_SNGL       |    0 |     0 |          0 |        16 |  0.00 |
| HPIOBDIFFINBUF   |    0 |     0 |          0 |        96 |  0.00 |
| HPIOBDIFFOUTBUF  |    0 |     0 |          0 |        96 |  0.00 |
| HDIOBDIFFINBUF   |    0 |     0 |          0 |        48 |  0.00 |
| BITSLICE_CONTROL |    0 |     0 |          0 |        32 |  0.00 |
| BITSLICE_RX_TX   |    0 |     0 |          0 |      1248 |  0.00 |
| BITSLICE_TX      |    0 |     0 |          0 |        32 |  0.00 |
| RIU_OR           |    0 |     0 |          0 |        16 |  0.00 |
+------------------+------+-------+------------+-----------+-------+


6. CLOCK
--------

+----------------------+------+-------+------------+-----------+-------+
|       Site Type      | Used | Fixed | Prohibited | Available | Util% |
+----------------------+------+-------+------------+-----------+-------+
| GLOBAL CLOCK BUFFERs |    1 |     0 |          0 |       256 |  0.39 |
|   BUFGCE             |    1 |     0 |          0 |       112 |  0.89 |
|   BUFGCE_DIV         |    0 |     0 |          0 |        16 |  0.00 |
|   BUFG_GT            |    0 |     0 |          0 |        96 |  0.00 |
|   BUFGCTRL*          |    0 |     0 |          0 |        32 |  0.00 |
| PLL                  |    0 |     0 |          0 |         8 |  0.00 |
| MMCM                 |    0 |     0 |          0 |         4 |  0.00 |
+----------------------+------+-------+------------+-----------+-------+
* Note: Each used BUFGCTRL counts as two GLOBAL CLOCK BUFFERs. This table does not include global clocking resources, only buffer cell usage. See the Clock Utilization Report (report_clock_utilization) for detailed accounting of global clocking resource availability.


7. ADVANCED
-----------

+-----------------+------+-------+------------+-----------+-------+
|    Site Type    | Used | Fixed | Prohibited | Available | Util% |
+-----------------+------+-------+------------+-----------+-------+
| GTYE4_CHANNEL   |    0 |     0 |          0 |        12 |  0.00 |
| GTYE4_COMMON    |    0 |     0 |          0 |         3 |  0.00 |
| OBUFDS_GTE4     |    0 |     0 |          0 |         6 |  0.00 |
| OBUFDS_GTE4_ADV |    0 |     0 |          0 |         6 |  0.00 |
| PCIE40E4        |    0 |     0 |          0 |         1 |  0.00 |
| SYSMONE4        |    0 |     0 |          0 |         1 |  0.00 |
+-----------------+------+-------+------------+-----------+-------+


8. CONFIGURATION
----------------

+-------------+------+-------+------------+-----------+-------+
|  Site Type  | Used | Fixed | Prohibited | Available | Util% |
+-------------+------+-------+------------+-----------+-------+
| BSCANE2     |    0 |     0 |          0 |         4 |  0.00 |
| DNA_PORTE2  |    0 |     0 |          0 |         1 |  0.00 |
| EFUSE_USR   |    0 |     0 |          0 |         1 |  0.00 |
| FRAME_ECCE4 |    0 |     0 |          0 |         1 |  0.00 |
| ICAPE3      |    0 |     0 |          0 |         2 |  0.00 |
| MASTER_JTAG |    0 |     0 |          0 |         1 |  0.00 |
| STARTUPE3   |    0 |     0 |          0 |         1 |  0.00 |
+-------------+------+-------+------------+-----------+-------+


9. Primitives
-------------

+----------+------+---------------------+
| Ref Name | Used | Functional Category |
+----------+------+---------------------+
| FDRE     |  185 |            Register |
| LUT2     |  144 |                 CLB |
| LUT6     |  130 |                 CLB |
| LUT5     |  102 |                 CLB |
| LUT4     |   62 |                 CLB |
| LUT3     |   37 |                 CLB |
| OBUF     |   35 |                 I/O |
| FDCE     |   30 |            Register |
| CARRY8   |   17 |                 CLB |
| LUT1     |    5 |                 CLB |
| DSP48E2  |    5 |          Arithmetic |
| RAMB18E2 |    4 |            BLOCKRAM |
| INBUF    |    4 |                 I/O |
| IBUFCTRL |    4 |              Others |
| RAMB36E2 |    2 |            BLOCKRAM |
| BUFGCE   |    1 |               Clock |
+----------+------+---------------------+


10. Black Boxes
---------------

+----------+------+
| Ref Name | Used |
+----------+------+


11. Instantiated Netlists
-------------------------

+----------+------+
| Ref Name | Used |
+----------+------+
| MULT6    |    2 |
| MULT3    |    1 |
+----------+------+


